TN:
SF:src/adapters/GoogleFinanceAdapter.ts
FN:49,(anonymous_0)
FN:84,(anonymous_1)
FN:114,(anonymous_2)
FN:128,(anonymous_3)
FN:131,(anonymous_4)
FN:156,(anonymous_5)
FN:182,(anonymous_6)
FN:205,(anonymous_7)
FN:234,(anonymous_8)
FN:253,(anonymous_9)
FN:271,(anonymous_10)
FN:295,(anonymous_11)
FN:317,(anonymous_12)
FN:329,(anonymous_13)
FN:336,(anonymous_14)
FN:347,(anonymous_15)
FN:350,(anonymous_16)
FNF:17
FNH:0
FNDA:0,(anonymous_0)
FNDA:0,(anonymous_1)
FNDA:0,(anonymous_2)
FNDA:0,(anonymous_3)
FNDA:0,(anonymous_4)
FNDA:0,(anonymous_5)
FNDA:0,(anonymous_6)
FNDA:0,(anonymous_7)
FNDA:0,(anonymous_8)
FNDA:0,(anonymous_9)
FNDA:0,(anonymous_10)
FNDA:0,(anonymous_11)
FNDA:0,(anonymous_12)
FNDA:0,(anonymous_13)
FNDA:0,(anonymous_14)
FNDA:0,(anonymous_15)
FNDA:0,(anonymous_16)
DA:45,0
DA:53,0
DA:91,0
DA:93,0
DA:114,0
DA:131,0
DA:160,0
DA:161,0
DA:165,0
DA:167,0
DA:168,0
DA:169,0
DA:172,0
DA:173,0
DA:176,0
DA:185,0
DA:187,0
DA:190,0
DA:191,0
DA:192,0
DA:195,0
DA:196,0
DA:199,0
DA:206,0
DA:208,0
DA:210,0
DA:228,0
DA:235,0
DA:247,0
DA:254,0
DA:265,0
DA:272,0
DA:275,0
DA:279,0
DA:280,0
DA:281,0
DA:282,0
DA:283,0
DA:284,0
DA:285,0
DA:286,0
DA:289,0
DA:300,0
DA:301,0
DA:304,0
DA:305,0
DA:307,0
DA:308,0
DA:311,0
DA:318,0
DA:330,0
DA:337,0
DA:348,0
DA:350,0
LF:54
LH:0
BRDA:55,0,0,0
BRDA:55,0,1,0
BRDA:55,0,2,0
BRDA:56,1,0,0
BRDA:56,1,1,0
BRDA:56,1,2,0
BRDA:58,2,0,0
BRDA:58,2,1,0
BRDA:61,3,0,0
BRDA:61,3,1,0
BRDA:64,4,0,0
BRDA:64,4,1,0
BRDA:67,5,0,0
BRDA:67,5,1,0
BRDA:71,6,0,0
BRDA:71,6,1,0
BRDA:73,7,0,0
BRDA:73,7,1,0
BRDA:73,7,2,0
BRDA:91,8,0,0
BRDA:91,8,1,0
BRDA:96,9,0,0
BRDA:96,9,1,0
BRDA:97,10,0,0
BRDA:97,10,1,0
BRDA:98,11,0,0
BRDA:98,11,1,0
BRDA:102,12,0,0
BRDA:102,12,1,0
BRDA:115,13,0,0
BRDA:115,13,1,0
BRDA:133,14,0,0
BRDA:133,14,1,0
BRDA:133,14,2,0
BRDA:138,15,0,0
BRDA:138,15,1,0
BRDA:138,15,2,0
BRDA:138,15,3,0
BRDA:143,16,0,0
BRDA:143,16,1,0
BRDA:143,16,2,0
BRDA:145,17,0,0
BRDA:145,17,1,0
BRDA:147,18,0,0
BRDA:147,18,1,0
BRDA:148,19,0,0
BRDA:148,19,1,0
BRDA:158,20,0,0
BRDA:160,21,0,0
BRDA:160,21,1,0
BRDA:160,22,0,0
BRDA:160,22,1,0
BRDA:160,22,2,0
BRDA:165,23,0,0
BRDA:165,23,1,0
BRDA:169,24,0,0
BRDA:169,24,1,0
BRDA:172,25,0,0
BRDA:172,25,1,0
BRDA:173,26,0,0
BRDA:173,26,1,0
BRDA:185,27,0,0
BRDA:185,27,1,0
BRDA:187,28,0,0
BRDA:187,28,1,0
BRDA:190,29,0,0
BRDA:190,29,1,0
BRDA:192,30,0,0
BRDA:192,30,1,0
BRDA:195,31,0,0
BRDA:195,31,1,0
BRDA:206,32,0,0
BRDA:206,32,1,0
BRDA:228,33,0,0
BRDA:228,33,1,0
BRDA:247,34,0,0
BRDA:247,34,1,0
BRDA:265,35,0,0
BRDA:265,35,1,0
BRDA:272,36,0,0
BRDA:272,36,1,0
BRDA:279,37,0,0
BRDA:279,37,1,0
BRDA:281,38,0,0
BRDA:281,38,1,0
BRDA:283,39,0,0
BRDA:283,39,1,0
BRDA:285,40,0,0
BRDA:285,40,1,0
BRDA:300,41,0,0
BRDA:300,41,1,0
BRDA:300,41,2,0
BRDA:304,42,0,0
BRDA:304,42,1,0
BRDA:304,43,0,0
BRDA:304,43,1,0
BRDA:304,43,2,0
BRDA:307,44,0,0
BRDA:307,44,1,0
BRDA:307,45,0,0
BRDA:307,45,1,0
BRDA:307,45,2,0
BRDA:319,46,0,0
BRDA:319,46,1,0
BRDA:319,46,2,0
BRDA:319,46,3,0
BRDA:331,47,0,0
BRDA:331,47,1,0
BRDA:331,47,2,0
BRDA:331,47,3,0
BRDA:331,47,4,0
BRDA:337,48,0,0
BRDA:337,48,1,0
BRDA:337,48,2,0
BRDA:349,49,0,0
BRDA:349,49,1,0
BRDA:350,50,0,0
BRDA:350,50,1,0
BRF:118
BRH:0
end_of_record
TN:
SF:src/config/apiClients.ts
FNF:0
FNH:0
DA:36,8
DA:72,8
DA:106,8
LF:3
LH:3
BRDA:39,0,0,8
BRDA:39,0,1,0
BRDA:40,1,0,8
BRDA:40,1,1,0
BRDA:41,2,0,8
BRDA:41,2,1,0
BRDA:75,3,0,8
BRDA:75,3,1,0
BRDA:76,4,0,8
BRDA:76,4,1,0
BRF:10
BRH:5
end_of_record
TN:
SF:src/config/cache.ts
FN:143,getTTL
FN:168,getInvalidationPatterns
FN:177,shouldWarmCache
FN:192,getBackgroundRefreshConfig
FN:199,isMonitoringEnabled
FN:206,getAlertThresholds
FNF:6
FNH:3
FNDA:22,getTTL
FNDA:0,getInvalidationPatterns
FNDA:4,shouldWarmCache
FNDA:0,getBackgroundRefreshConfig
FNDA:23,isMonitoringEnabled
FNDA:0,getAlertThresholds
DA:74,24
DA:143,24
DA:148,22
DA:151,22
DA:152,4
DA:159,22
DA:168,24
DA:171,0
DA:177,24
DA:181,4
DA:182,1
DA:185,3
DA:186,3
DA:192,24
DA:193,0
DA:199,24
DA:200,23
DA:206,24
DA:207,0
LF:19
LH:16
BRDA:145,0,0,1
BRDA:148,1,0,22
BRDA:148,1,1,19
BRDA:151,2,0,4
BRDA:151,2,1,18
BRDA:151,3,0,22
BRDA:151,3,1,4
BRDA:181,4,0,1
BRDA:181,4,1,3
BRF:9
BRH:9
end_of_record
TN:
SF:src/config/database.ts
FN:19,(anonymous_1)
FN:21,(anonymous_2)
FN:28,(anonymous_3)
FN:69,(anonymous_4)
FN:83,(anonymous_5)
FN:90,(anonymous_6)
FN:94,(anonymous_7)
FN:124,(anonymous_8)
FN:140,(anonymous_9)
FN:162,(anonymous_10)
FN:167,(anonymous_11)
FNF:11
FNH:10
FNDA:7,(anonymous_1)
FNDA:7,(anonymous_2)
FNDA:2,(anonymous_3)
FNDA:2,(anonymous_4)
FNDA:27,(anonymous_5)
FNDA:1,(anonymous_6)
FNDA:58,(anonymous_7)
FNDA:6,(anonymous_8)
FNDA:1,(anonymous_9)
FNDA:5,(anonymous_10)
FNDA:0,(anonymous_11)
DA:1,7
DA:2,7
DA:3,7
DA:4,7
DA:5,7
DA:6,7
DA:14,7
DA:16,7
DA:17,7
DA:22,7
DA:23,7
DA:25,7
DA:29,2
DA:30,0
DA:33,2
DA:34,2
DA:37,2
DA:38,2
DA:39,0
DA:40,0
DA:44,2
DA:51,2
DA:59,2
DA:60,2
DA:62,2
DA:64,0
DA:65,0
DA:70,2
DA:71,2
DA:72,2
DA:73,2
DA:74,2
DA:75,2
DA:77,0
DA:78,0
DA:84,27
DA:85,0
DA:87,27
DA:91,1
DA:98,58
DA:99,58
DA:100,54
DA:104,4
DA:106,4
DA:114,0
DA:115,0
DA:125,6
DA:128,6
DA:129,0
DA:133,6
DA:134,6
DA:137,0
DA:143,1
DA:145,1
DA:146,1
DA:147,1
DA:148,0
DA:149,0
DA:151,1
DA:152,1
DA:153,1
DA:159,7
DA:162,7
DA:163,5
DA:167,7
DA:168,0
LF:66
LH:51
BRDA:22,0,0,7
BRDA:22,0,1,0
BRDA:29,1,0,0
BRDA:29,1,1,2
BRDA:29,2,0,2
BRDA:29,2,1,0
BRDA:38,3,0,0
BRDA:38,3,1,2
BRDA:70,4,0,2
BRDA:70,4,1,0
BRDA:84,5,0,0
BRDA:84,5,1,27
BRDA:84,6,0,27
BRDA:84,6,1,27
BRDA:91,7,0,1
BRDA:91,7,1,1
BRDA:99,8,0,54
BRDA:99,8,1,4
BRDA:99,9,0,58
BRDA:99,9,1,4
BRDA:118,10,0,0
BRDA:118,10,1,0
BRDA:128,11,0,0
BRDA:128,11,1,6
BRDA:133,12,0,6
BRDA:133,12,1,0
BRF:26
BRH:16
end_of_record
TN:
SF:src/config/environment.ts
FNF:0
FNH:0
DA:6,27
DA:7,27
DA:10,27
DA:11,27
DA:66,27
DA:119,27
LF:6
LH:6
BRDA:10,0,0,27
BRDA:10,0,1,0
BRDA:67,1,0,27
BRDA:67,1,1,0
BRDA:68,2,0,27
BRDA:68,2,1,0
BRDA:71,3,0,27
BRDA:71,3,1,0
BRDA:72,4,0,27
BRDA:72,4,1,27
BRDA:77,5,0,27
BRDA:77,5,1,0
BRDA:78,6,0,27
BRDA:78,6,1,0
BRDA:80,7,0,27
BRDA:80,7,1,0
BRDA:90,8,0,27
BRDA:90,8,1,0
BRDA:91,9,0,27
BRDA:91,9,1,0
BRDA:95,10,0,27
BRDA:95,10,1,0
BRDA:99,11,0,27
BRDA:99,11,1,0
BRDA:105,12,0,27
BRDA:105,12,1,0
BRDA:109,13,0,27
BRDA:109,13,1,0
BRDA:110,14,0,27
BRDA:110,14,1,27
BRF:30
BRH:17
end_of_record
TN:
SF:src/config/redis.ts
FN:29,(anonymous_1)
FN:45,(anonymous_2)
FN:50,(anonymous_3)
FN:55,(anonymous_4)
FN:70,(anonymous_5)
FN:78,(anonymous_6)
FN:91,(anonymous_7)
FN:107,(anonymous_8)
FN:119,(anonymous_9)
FN:133,(anonymous_10)
FN:137,(anonymous_11)
FN:141,(anonymous_12)
FN:155,(anonymous_13)
FN:190,(anonymous_14)
FNF:14
FNH:3
FNDA:0,(anonymous_1)
FNDA:0,(anonymous_2)
FNDA:0,(anonymous_3)
FNDA:0,(anonymous_4)
FNDA:20,(anonymous_5)
FNDA:0,(anonymous_6)
FNDA:0,(anonymous_7)
FNDA:0,(anonymous_8)
FNDA:0,(anonymous_9)
FNDA:4,(anonymous_10)
FNDA:0,(anonymous_11)
FNDA:0,(anonymous_12)
FNDA:58,(anonymous_13)
FNDA:0,(anonymous_14)
DA:6,22
DA:7,22
DA:8,22
DA:26,22
DA:27,22
DA:30,0
DA:31,0
DA:39,0
DA:40,0
DA:43,0
DA:45,0
DA:46,0
DA:47,0
DA:50,0
DA:51,0
DA:52,0
DA:55,0
DA:56,0
DA:57,0
DA:60,0
DA:61,0
DA:63,0
DA:64,0
DA:65,0
DA:66,0
DA:71,20
DA:72,0
DA:73,0
DA:74,0
DA:79,0
DA:80,0
DA:83,0
DA:84,0
DA:86,0
DA:87,0
DA:92,0
DA:93,0
DA:96,0
DA:97,0
DA:98,0
DA:100,0
DA:103,0
DA:108,0
DA:109,0
DA:112,0
DA:113,0
DA:115,0
DA:120,0
DA:121,0
DA:124,0
DA:125,0
DA:126,0
DA:128,0
DA:129,0
DA:134,4
DA:138,0
DA:142,0
DA:143,0
DA:146,0
DA:147,0
DA:148,0
DA:150,0
DA:151,0
DA:159,58
DA:160,58
DA:166,0
DA:167,0
DA:168,0
DA:177,0
DA:187,22
DA:190,22
DA:191,0
DA:194,22
LF:73
LH:12
BRDA:39,0,0,0
BRDA:39,0,1,0
BRDA:71,1,0,0
BRDA:71,1,1,20
BRDA:79,2,0,0
BRDA:79,2,1,0
BRDA:79,3,0,0
BRDA:79,3,1,0
BRDA:92,4,0,0
BRDA:92,4,1,0
BRDA:92,5,0,0
BRDA:92,5,1,0
BRDA:97,6,0,0
BRDA:97,6,1,0
BRDA:108,7,0,0
BRDA:108,7,1,0
BRDA:108,8,0,0
BRDA:108,8,1,0
BRDA:120,9,0,0
BRDA:120,9,1,0
BRDA:120,10,0,0
BRDA:120,10,1,0
BRDA:138,11,0,0
BRDA:138,11,1,0
BRDA:142,12,0,0
BRDA:142,12,1,0
BRDA:142,13,0,0
BRDA:142,13,1,0
BRDA:159,14,0,58
BRDA:159,14,1,0
BRDA:159,15,0,58
BRDA:159,15,1,0
BRDA:180,16,0,0
BRDA:180,16,1,0
BRF:34
BRH:3
end_of_record
TN:
SF:src/controllers/assetController.ts
FN:24,(anonymous_0)
FN:29,(anonymous_1)
FN:34,(anonymous_2)
FN:38,(anonymous_3)
FN:89,(anonymous_4)
FN:113,(anonymous_5)
FN:271,(anonymous_6)
FN:367,(anonymous_7)
FN:432,(anonymous_8)
FN:517,(anonymous_9)
FN:536,(anonymous_10)
FN:601,(anonymous_11)
FNF:12
FNH:2
FNDA:0,(anonymous_0)
FNDA:0,(anonymous_1)
FNDA:0,(anonymous_2)
FNDA:0,(anonymous_3)
FNDA:1,(anonymous_4)
FNDA:0,(anonymous_5)
FNDA:1,(anonymous_6)
FNDA:0,(anonymous_7)
FNDA:0,(anonymous_8)
FNDA:0,(anonymous_9)
FNDA:0,(anonymous_10)
FNDA:0,(anonymous_11)
DA:2,5
DA:3,5
DA:4,5
DA:5,5
DA:9,5
DA:19,5
DA:24,0
DA:29,0
DA:34,0
DA:38,0
DA:42,5
DA:77,5
DA:85,5
DA:94,1
DA:95,1
DA:97,1
DA:98,0
DA:104,0
DA:107,1
DA:109,1
DA:111,0
DA:113,0
DA:115,0
DA:118,0
DA:119,0
DA:120,0
DA:125,0
DA:134,0
DA:138,0
DA:153,0
DA:154,0
DA:157,0
DA:159,0
DA:164,0
DA:173,1
DA:175,0
DA:177,0
DA:178,0
DA:179,0
DA:190,0
DA:194,0
DA:195,0
DA:198,0
DA:200,0
DA:205,0
DA:218,1
DA:220,1
DA:221,1
DA:222,0
DA:233,0
DA:237,1
DA:238,1
DA:241,1
DA:243,1
DA:247,1
DA:260,0
DA:264,0
DA:276,1
DA:277,1
DA:278,1
DA:280,1
DA:281,0
DA:286,0
DA:289,1
DA:290,1
DA:293,1
DA:294,1
DA:295,0
DA:299,0
DA:307,0
DA:311,1
DA:312,1
DA:314,1
DA:315,0
DA:316,0
DA:320,0
DA:322,0
DA:330,1
DA:332,1
DA:337,1
DA:346,0
DA:351,0
DA:352,0
DA:357,0
DA:360,0
DA:372,0
DA:373,0
DA:375,0
DA:376,0
DA:381,0
DA:384,0
DA:385,0
DA:388,0
DA:389,0
DA:390,0
DA:398,0
DA:402,0
DA:405,0
DA:407,0
DA:412,0
DA:421,0
DA:425,0
DA:437,0
DA:438,0
DA:439,0
DA:441,0
DA:442,0
DA:448,0
DA:451,0
DA:452,0
DA:457,0
DA:460,0
DA:461,0
DA:462,0
DA:465,0
DA:466,0
DA:467,0
DA:468,0
DA:477,0
DA:481,0
DA:487,0
DA:489,0
DA:495,0
DA:505,0
DA:510,0
DA:522,0
DA:523,0
DA:525,0
DA:526,0
DA:532,0
DA:535,0
DA:536,0
DA:537,0
DA:540,0
DA:541,0
DA:542,0
DA:551,0
DA:555,0
DA:568,0
DA:569,0
DA:572,0
DA:574,0
DA:579,0
DA:590,0
DA:594,0
DA:606,0
DA:607,0
DA:608,0
DA:611,0
DA:612,0
DA:617,0
DA:620,0
DA:622,0
DA:623,0
DA:629,0
DA:630,0
DA:633,0
DA:635,0
DA:642,0
DA:650,0
DA:651,0
DA:654,0
DA:656,0
DA:663,0
DA:667,0
LF:165
LH:37
BRDA:97,0,0,0
BRDA:97,0,1,1
BRDA:107,1,0,1
BRDA:107,2,0,1
BRDA:109,3,0,0
BRDA:109,3,1,1
BRDA:119,4,0,0
BRDA:119,4,1,0
BRDA:122,5,0,0
BRDA:122,5,1,0
BRDA:129,6,0,0
BRDA:129,6,1,0
BRDA:154,7,0,0
BRDA:154,7,1,0
BRDA:173,8,0,0
BRDA:173,8,1,1
BRDA:178,9,0,0
BRDA:178,9,1,0
BRDA:183,10,0,0
BRDA:183,10,1,0
BRDA:221,11,0,0
BRDA:221,11,1,1
BRDA:226,12,0,0
BRDA:226,12,1,0
BRDA:261,13,0,0
BRDA:261,13,1,0
BRDA:278,14,0,1
BRDA:280,15,0,0
BRDA:280,15,1,1
BRDA:294,16,0,0
BRDA:294,16,1,1
BRDA:314,17,0,0
BRDA:314,17,1,1
BRDA:324,18,0,0
BRDA:324,18,1,0
BRDA:347,19,0,0
BRDA:347,19,1,0
BRDA:351,20,0,0
BRDA:351,20,1,0
BRDA:351,21,0,0
BRDA:351,21,1,0
BRDA:375,22,0,0
BRDA:375,22,1,0
BRDA:389,23,0,0
BRDA:389,23,1,0
BRDA:422,24,0,0
BRDA:422,24,1,0
BRDA:441,25,0,0
BRDA:441,25,1,0
BRDA:451,26,0,0
BRDA:451,26,1,0
BRDA:460,27,0,0
BRDA:465,28,0,0
BRDA:465,28,1,0
BRDA:465,29,0,0
BRDA:465,29,1,0
BRDA:467,30,0,0
BRDA:467,30,1,0
BRDA:492,31,0,0
BRDA:492,31,1,0
BRDA:506,32,0,0
BRDA:506,32,1,0
BRDA:525,33,0,0
BRDA:525,33,1,0
BRDA:541,34,0,0
BRDA:541,34,1,0
BRDA:546,35,0,0
BRDA:546,35,1,0
BRDA:569,36,0,0
BRDA:569,36,1,0
BRDA:591,37,0,0
BRDA:591,37,1,0
BRDA:611,38,0,0
BRDA:611,38,1,0
BRDA:620,39,0,0
BRDA:620,39,1,0
BRDA:664,40,0,0
BRDA:664,40,1,0
BRF:78
BRH:10
end_of_record
TN:
SF:src/controllers/cacheController.ts
FN:16,(anonymous_0)
FN:33,(anonymous_1)
FN:52,(anonymous_2)
FN:90,(anonymous_3)
FN:133,(anonymous_4)
FN:160,(anonymous_5)
FN:190,(anonymous_6)
FN:234,(anonymous_7)
FN:270,(anonymous_8)
FN:290,(anonymous_9)
FN:306,(anonymous_10)
FN:318,(anonymous_11)
FN:356,(anonymous_12)
FN:389,(anonymous_13)
FNF:14
FNH:0
FNDA:0,(anonymous_0)
FNDA:0,(anonymous_1)
FNDA:0,(anonymous_2)
FNDA:0,(anonymous_3)
FNDA:0,(anonymous_4)
FNDA:0,(anonymous_5)
FNDA:0,(anonymous_6)
FNDA:0,(anonymous_7)
FNDA:0,(anonymous_8)
FNDA:0,(anonymous_9)
FNDA:0,(anonymous_10)
FNDA:0,(anonymous_11)
FNDA:0,(anonymous_12)
FNDA:0,(anonymous_13)
DA:2,5
DA:3,5
DA:4,5
DA:5,5
DA:6,5
DA:7,5
DA:10,5
DA:15,5
DA:17,0
DA:19,0
DA:24,0
DA:32,5
DA:34,0
DA:37,0
DA:43,0
DA:52,5
DA:53,0
DA:55,0
DA:57,0
DA:59,0
DA:66,0
DA:74,0
DA:76,0
DA:81,0
DA:89,5
DA:91,0
DA:93,0
DA:94,0
DA:99,0
DA:102,0
DA:104,0
DA:105,0
DA:106,0
DA:107,0
DA:109,0
DA:117,0
DA:123,0
DA:132,5
DA:134,0
DA:136,0
DA:137,0
DA:142,0
DA:145,0
DA:147,0
DA:159,5
DA:161,0
DA:163,0
DA:164,0
DA:169,0
DA:172,0
DA:173,0
DA:174,0
DA:176,0
DA:189,5
DA:191,0
DA:192,0
DA:194,0
DA:195,0
DA:200,0
DA:203,0
DA:204,0
DA:209,0
DA:212,0
DA:214,0
DA:221,0
DA:233,5
DA:235,0
DA:237,0
DA:238,0
DA:243,0
DA:246,0
DA:248,0
DA:255,0
DA:269,5
DA:271,0
DA:273,0
DA:279,0
DA:289,5
DA:291,0
DA:292,0
DA:294,0
DA:305,5
DA:307,0
DA:309,0
DA:317,5
DA:319,0
DA:320,0
DA:322,0
DA:323,0
DA:328,0
DA:331,0
DA:332,0
DA:334,0
DA:342,0
DA:355,5
DA:357,0
DA:359,0
DA:360,0
DA:365,0
DA:368,0
DA:370,0
DA:377,0
DA:389,5
DA:390,0
DA:392,0
LF:105
LH:21
BRDA:37,0,0,0
BRDA:37,0,1,0
BRDA:39,1,0,0
BRDA:39,1,1,0
BRDA:55,2,0,0
BRDA:55,2,1,0
BRDA:93,3,0,0
BRDA:93,3,1,0
BRDA:93,4,0,0
BRDA:93,4,1,0
BRDA:112,5,0,0
BRDA:112,5,1,0
BRDA:134,6,0,0
BRDA:136,7,0,0
BRDA:136,7,1,0
BRDA:163,8,0,0
BRDA:163,8,1,0
BRDA:174,9,0,0
BRDA:174,9,1,0
BRDA:194,10,0,0
BRDA:194,10,1,0
BRDA:203,11,0,0
BRDA:203,11,1,0
BRDA:226,12,0,0
BRDA:226,12,1,0
BRDA:237,13,0,0
BRDA:237,13,1,0
BRDA:257,14,0,0
BRDA:257,14,1,0
BRDA:281,15,0,0
BRDA:281,15,1,0
BRDA:322,16,0,0
BRDA:322,16,1,0
BRDA:357,17,0,0
BRDA:359,18,0,0
BRDA:359,18,1,0
BRF:36
BRH:0
end_of_record
TN:
SF:src/controllers/dashboardController.ts
FN:74,(anonymous_0)
FN:79,(anonymous_1)
FN:85,(anonymous_2)
FN:97,(anonymous_3)
FN:144,(anonymous_4)
FN:145,(anonymous_5)
FN:177,(anonymous_6)
FN:250,(anonymous_7)
FN:340,(anonymous_8)
FN:515,(anonymous_9)
FN:600,(anonymous_10)
FN:685,(anonymous_11)
FN:717,(anonymous_12)
FN:771,(anonymous_13)
FN:863,(anonymous_14)
FN:910,(anonymous_15)
FN:938,(anonymous_16)
FN:1012,(anonymous_17)
FN:1103,(anonymous_18)
FN:1152,(anonymous_19)
FN:1179,(anonymous_20)
FN:1256,(anonymous_21)
FN:1321,(anonymous_22)
FN:1334,(anonymous_23)
FN:1339,(anonymous_24)
FN:1345,(anonymous_25)
FN:1349,(anonymous_26)
FNF:27
FNH:2
FNDA:0,(anonymous_0)
FNDA:0,(anonymous_1)
FNDA:0,(anonymous_2)
FNDA:1,(anonymous_3)
FNDA:0,(anonymous_4)
FNDA:0,(anonymous_5)
FNDA:1,(anonymous_6)
FNDA:0,(anonymous_7)
FNDA:0,(anonymous_8)
FNDA:0,(anonymous_9)
FNDA:0,(anonymous_10)
FNDA:0,(anonymous_11)
FNDA:0,(anonymous_12)
FNDA:0,(anonymous_13)
FNDA:0,(anonymous_14)
FNDA:0,(anonymous_15)
FNDA:0,(anonymous_16)
FNDA:0,(anonymous_17)
FNDA:0,(anonymous_18)
FNDA:0,(anonymous_19)
FNDA:0,(anonymous_20)
FNDA:0,(anonymous_21)
FNDA:0,(anonymous_22)
FNDA:0,(anonymous_23)
FNDA:0,(anonymous_24)
FNDA:0,(anonymous_25)
FNDA:0,(anonymous_26)
DA:2,5
DA:3,5
DA:9,5
DA:10,5
DA:11,5
DA:12,5
DA:13,5
DA:23,5
DA:47,5
DA:71,5
DA:74,0
DA:79,0
DA:85,0
DA:93,5
DA:102,1
DA:103,1
DA:104,1
DA:106,1
DA:107,0
DA:113,0
DA:116,1
DA:120,1
DA:122,0
DA:130,1
DA:137,1
DA:142,1
DA:143,1
DA:145,0
DA:148,1
DA:155,1
DA:166,0
DA:170,0
DA:182,1
DA:183,1
DA:184,1
DA:186,1
DA:187,0
DA:192,0
DA:195,1
DA:197,1
DA:198,1
DA:203,1
DA:207,0
DA:212,0
DA:217,0
DA:221,0
DA:223,0
DA:229,0
DA:238,0
DA:243,0
DA:255,0
DA:256,0
DA:257,0
DA:258,0
DA:260,0
DA:261,0
DA:267,0
DA:270,0
DA:273,0
DA:274,0
DA:279,0
DA:282,0
DA:287,0
DA:288,0
DA:290,0
DA:291,0
DA:293,0
DA:294,0
DA:296,0
DA:297,0
DA:302,0
DA:305,0
DA:313,0
DA:321,0
DA:328,0
DA:333,0
DA:345,0
DA:346,0
DA:347,0
DA:348,0
DA:349,0
DA:351,0
DA:352,0
DA:358,0
DA:361,0
DA:362,0
DA:367,0
DA:371,0
DA:373,0
DA:374,0
DA:379,0
DA:382,0
DA:383,0
DA:388,0
DA:391,0
DA:394,0
DA:395,0
DA:400,0
DA:404,0
DA:407,0
DA:408,0
DA:410,0
DA:412,0
DA:413,0
DA:415,0
DA:416,0
DA:418,0
DA:419,0
DA:421,0
DA:422,0
DA:424,0
DA:427,0
DA:428,0
DA:430,0
DA:433,0
DA:434,0
DA:436,0
DA:437,0
DA:439,0
DA:440,0
DA:442,0
DA:443,0
DA:446,0
DA:447,0
DA:448,0
DA:449,0
DA:451,0
DA:452,0
DA:454,0
DA:455,0
DA:457,0
DA:458,0
DA:460,0
DA:461,0
DA:464,0
DA:467,0
DA:472,0
DA:479,0
DA:482,0
DA:490,0
DA:496,0
DA:503,0
DA:508,0
DA:520,0
DA:521,0
DA:522,0
DA:523,0
DA:525,0
DA:526,0
DA:531,0
DA:535,0
DA:537,0
DA:538,0
DA:543,0
DA:546,0
DA:547,0
DA:552,0
DA:556,0
DA:557,0
DA:562,0
DA:565,0
DA:568,0
DA:576,0
DA:582,0
DA:588,0
DA:593,0
DA:605,0
DA:606,0
DA:607,0
DA:608,0
DA:610,0
DA:611,0
DA:616,0
DA:620,0
DA:622,0
DA:623,0
DA:628,0
DA:631,0
DA:636,0
DA:641,0
DA:644,0
DA:650,0
DA:651,0
DA:656,0
DA:659,0
DA:666,0
DA:673,0
DA:678,0
DA:690,0
DA:692,0
DA:694,0
DA:698,0
DA:707,0
DA:710,0
DA:722,0
DA:723,0
DA:725,0
DA:726,0
DA:732,0
DA:735,0
DA:736,0
DA:738,0
DA:743,0
DA:749,0
DA:760,0
DA:763,0
DA:776,0
DA:777,0
DA:778,0
DA:781,0
DA:787,0
DA:788,0
DA:789,0
DA:795,0
DA:798,0
DA:801,0
DA:802,0
DA:803,0
DA:808,0
DA:813,0
DA:816,0
DA:817,0
DA:822,0
DA:826,0
DA:834,0
DA:841,0
DA:850,0
DA:855,0
DA:868,0
DA:869,0
DA:870,0
DA:873,0
DA:874,0
DA:875,0
DA:880,0
DA:885,0
DA:888,0
DA:889,0
DA:894,0
DA:898,0
DA:899,0
DA:901,0
DA:907,0
DA:910,0
DA:925,0
DA:930,0
DA:943,0
DA:944,0
DA:948,0
DA:951,0
DA:952,0
DA:953,0
DA:958,0
DA:963,0
DA:966,0
DA:967,0
DA:972,0
DA:976,0
DA:977,0
DA:978,0
DA:983,0
DA:986,0
DA:992,0
DA:998,0
DA:1004,0
DA:1017,0
DA:1018,0
DA:1019,0
DA:1022,0
DA:1028,0
DA:1029,0
DA:1030,0
DA:1036,0
DA:1039,0
DA:1042,0
DA:1043,0
DA:1044,0
DA:1049,0
DA:1054,0
DA:1057,0
DA:1058,0
DA:1063,0
DA:1067,0
DA:1075,0
DA:1082,0
DA:1090,0
DA:1095,0
DA:1108,0
DA:1109,0
DA:1110,0
DA:1113,0
DA:1114,0
DA:1115,0
DA:1120,0
DA:1125,0
DA:1128,0
DA:1129,0
DA:1134,0
DA:1139,0
DA:1141,0
DA:1143,0
DA:1149,0
DA:1152,0
DA:1166,0
DA:1171,0
DA:1184,0
DA:1185,0
DA:1189,0
DA:1192,0
DA:1193,0
DA:1194,0
DA:1199,0
DA:1204,0
DA:1207,0
DA:1208,0
DA:1213,0
DA:1217,0
DA:1221,0
DA:1222,0
DA:1227,0
DA:1230,0
DA:1236,0
DA:1242,0
DA:1248,0
DA:1261,0
DA:1262,0
DA:1266,0
DA:1267,0
DA:1268,0
DA:1273,0
DA:1277,0
DA:1280,0
DA:1281,0
DA:1286,0
DA:1289,0
DA:1295,0
DA:1309,0
DA:1313,0
DA:1326,0
DA:1327,0
DA:1328,0
DA:1331,0
DA:1334,0
DA:1339,0
DA:1345,0
DA:1349,0
DA:1353,0
DA:1354,0
DA:1355,0
DA:1361,0
DA:1370,0
DA:1373,0
DA:1374,0
DA:1375,0
DA:1380,0
DA:1385,0
DA:1388,0
DA:1389,0
DA:1394,0
DA:1399,0
DA:1403,0
DA:1413,0
DA:1421,0
DA:1437,0
DA:1442,0
LF:365
LH:31
BRDA:103,0,0,1
BRDA:103,0,1,0
BRDA:106,1,0,0
BRDA:106,1,1,1
BRDA:116,2,0,1
BRDA:120,3,0,0
BRDA:120,3,1,1
BRDA:137,4,0,0
BRDA:137,4,1,1
BRDA:167,5,0,0
BRDA:167,5,1,0
BRDA:184,6,0,1
BRDA:184,6,1,1
BRDA:186,7,0,0
BRDA:186,7,1,1
BRDA:197,8,0,1
BRDA:197,8,1,0
BRDA:207,9,0,0
BRDA:207,9,1,0
BRDA:208,10,0,0
BRDA:208,10,1,0
BRDA:208,10,2,0
BRDA:239,11,0,0
BRDA:239,11,1,0
BRDA:256,12,0,0
BRDA:256,12,1,0
BRDA:260,13,0,0
BRDA:260,13,1,0
BRDA:273,14,0,0
BRDA:273,14,1,0
BRDA:273,15,0,0
BRDA:273,15,1,0
BRDA:287,16,0,0
BRDA:287,16,1,0
BRDA:290,17,0,0
BRDA:290,17,1,0
BRDA:293,18,0,0
BRDA:293,18,1,0
BRDA:296,19,0,0
BRDA:296,19,1,0
BRDA:329,20,0,0
BRDA:329,20,1,0
BRDA:347,21,0,0
BRDA:347,21,1,0
BRDA:351,22,0,0
BRDA:351,22,1,0
BRDA:361,23,0,0
BRDA:361,23,1,0
BRDA:373,24,0,0
BRDA:373,24,1,0
BRDA:382,25,0,0
BRDA:382,25,1,0
BRDA:382,26,0,0
BRDA:382,26,1,0
BRDA:394,27,0,0
BRDA:394,27,1,0
BRDA:394,28,0,0
BRDA:394,28,1,0
BRDA:407,29,0,0
BRDA:407,29,1,0
BRDA:412,30,0,0
BRDA:412,30,1,0
BRDA:415,31,0,0
BRDA:415,31,1,0
BRDA:418,32,0,0
BRDA:418,32,1,0
BRDA:421,33,0,0
BRDA:421,33,1,0
BRDA:424,34,0,0
BRDA:424,34,1,0
BRDA:428,35,0,0
BRDA:428,35,1,0
BRDA:433,36,0,0
BRDA:433,36,1,0
BRDA:436,37,0,0
BRDA:436,37,1,0
BRDA:439,38,0,0
BRDA:439,38,1,0
BRDA:442,39,0,0
BRDA:442,39,1,0
BRDA:446,40,0,0
BRDA:446,40,1,0
BRDA:448,41,0,0
BRDA:448,41,1,0
BRDA:451,42,0,0
BRDA:451,42,1,0
BRDA:454,43,0,0
BRDA:454,43,1,0
BRDA:457,44,0,0
BRDA:457,44,1,0
BRDA:460,45,0,0
BRDA:460,45,1,0
BRDA:504,46,0,0
BRDA:504,46,1,0
BRDA:522,47,0,0
BRDA:522,47,1,0
BRDA:525,48,0,0
BRDA:525,48,1,0
BRDA:537,49,0,0
BRDA:537,49,1,0
BRDA:546,50,0,0
BRDA:546,50,1,0
BRDA:546,51,0,0
BRDA:546,51,1,0
BRDA:556,52,0,0
BRDA:556,52,1,0
BRDA:556,53,0,0
BRDA:556,53,1,0
BRDA:589,54,0,0
BRDA:589,54,1,0
BRDA:607,55,0,0
BRDA:607,55,1,0
BRDA:610,56,0,0
BRDA:610,56,1,0
BRDA:622,57,0,0
BRDA:622,57,1,0
BRDA:631,58,0,0
BRDA:631,58,1,0
BRDA:632,59,0,0
BRDA:632,59,1,0
BRDA:632,59,2,0
BRDA:650,60,0,0
BRDA:650,60,1,0
BRDA:674,61,0,0
BRDA:674,61,1,0
BRDA:708,62,0,0
BRDA:708,62,1,0
BRDA:725,63,0,0
BRDA:725,63,1,0
BRDA:735,64,0,0
BRDA:735,65,0,0
BRDA:761,66,0,0
BRDA:761,66,1,0
BRDA:778,67,0,0
BRDA:778,67,1,0
BRDA:788,68,0,0
BRDA:788,68,1,0
BRDA:802,69,0,0
BRDA:802,69,1,0
BRDA:813,70,0,0
BRDA:813,70,1,0
BRDA:816,71,0,0
BRDA:816,71,1,0
BRDA:830,72,0,0
BRDA:830,72,1,0
BRDA:831,73,0,0
BRDA:831,73,1,0
BRDA:853,74,0,0
BRDA:853,74,1,0
BRDA:870,75,0,0
BRDA:870,75,1,0
BRDA:874,76,0,0
BRDA:874,76,1,0
BRDA:885,77,0,0
BRDA:885,77,1,0
BRDA:888,78,0,0
BRDA:888,78,1,0
BRDA:928,79,0,0
BRDA:928,79,1,0
BRDA:948,80,0,0
BRDA:948,80,1,0
BRDA:952,81,0,0
BRDA:952,81,1,0
BRDA:963,82,0,0
BRDA:963,82,1,0
BRDA:966,83,0,0
BRDA:966,83,1,0
BRDA:977,84,0,0
BRDA:977,84,1,0
BRDA:1002,85,0,0
BRDA:1002,85,1,0
BRDA:1019,86,0,0
BRDA:1019,86,1,0
BRDA:1029,87,0,0
BRDA:1029,87,1,0
BRDA:1043,88,0,0
BRDA:1043,88,1,0
BRDA:1054,89,0,0
BRDA:1054,89,1,0
BRDA:1057,90,0,0
BRDA:1057,90,1,0
BRDA:1072,91,0,0
BRDA:1072,91,1,0
BRDA:1093,92,0,0
BRDA:1093,92,1,0
BRDA:1110,93,0,0
BRDA:1110,93,1,0
BRDA:1114,94,0,0
BRDA:1114,94,1,0
BRDA:1125,95,0,0
BRDA:1125,95,1,0
BRDA:1128,96,0,0
BRDA:1128,96,1,0
BRDA:1169,97,0,0
BRDA:1169,97,1,0
BRDA:1189,98,0,0
BRDA:1189,98,1,0
BRDA:1193,99,0,0
BRDA:1193,99,1,0
BRDA:1204,100,0,0
BRDA:1204,100,1,0
BRDA:1207,101,0,0
BRDA:1207,101,1,0
BRDA:1221,102,0,0
BRDA:1221,102,1,0
BRDA:1246,103,0,0
BRDA:1246,103,1,0
BRDA:1267,104,0,0
BRDA:1267,104,1,0
BRDA:1280,105,0,0
BRDA:1280,105,1,0
BRDA:1311,106,0,0
BRDA:1311,106,1,0
BRDA:1328,107,0,0
BRDA:1328,107,1,0
BRDA:1354,108,0,0
BRDA:1354,108,1,0
BRDA:1365,109,0,0
BRDA:1366,110,0,0
BRDA:1367,111,0,0
BRDA:1368,112,0,0
BRDA:1369,113,0,0
BRDA:1374,114,0,0
BRDA:1374,114,1,0
BRDA:1385,115,0,0
BRDA:1385,115,1,0
BRDA:1388,116,0,0
BRDA:1388,116,1,0
BRDA:1440,117,0,0
BRDA:1440,117,1,0
BRF:230
BRH:9
end_of_record
TN:
SF:src/controllers/healthController.ts
FN:6,(anonymous_0)
FN:35,(anonymous_1)
FN:65,(anonymous_2)
FN:76,(anonymous_3)
FN:94,(anonymous_4)
FN:127,(anonymous_5)
FN:140,(anonymous_6)
FN:152,(anonymous_7)
FN:180,(anonymous_8)
FNF:9
FNH:9
FNDA:2,(anonymous_0)
FNDA:3,(anonymous_1)
FNDA:2,(anonymous_2)
FNDA:2,(anonymous_3)
FNDA:1,(anonymous_4)
FNDA:1,(anonymous_5)
FNDA:2,(anonymous_6)
FNDA:2,(anonymous_7)
FNDA:1,(anonymous_8)
DA:2,5
DA:3,5
DA:4,5
DA:6,5
DA:7,2
DA:8,2
DA:9,2
DA:12,2
DA:18,2
DA:26,0
DA:27,0
DA:35,5
DA:36,3
DA:39,3
DA:40,2
DA:41,2
DA:42,1
DA:47,1
DA:51,2
DA:53,2
DA:64,5
DA:66,2
DA:68,2
DA:76,5
DA:77,2
DA:78,2
DA:80,2
DA:82,2
DA:93,5
DA:95,1
DA:97,1
DA:98,0
DA:103,0
DA:106,1
DA:108,1
DA:109,1
DA:114,1
DA:117,0
DA:126,5
DA:128,1
DA:130,1
DA:139,5
DA:141,2
DA:143,2
DA:151,5
DA:153,2
DA:154,2
DA:156,2
DA:157,1
DA:162,1
DA:165,1
DA:167,1
DA:179,5
DA:181,1
DA:183,1
LF:55
LH:50
BRDA:12,0,0,0
BRDA:12,0,1,2
BRDA:14,1,0,2
BRDA:14,1,1,0
BRDA:39,2,0,2
BRDA:39,2,1,1
BRDA:41,3,0,1
BRDA:41,3,1,1
BRDA:41,4,0,2
BRDA:41,4,1,1
BRDA:41,4,2,1
BRDA:97,5,0,0
BRDA:97,5,1,1
BRDA:108,6,0,1
BRDA:108,6,1,0
BRDA:154,7,0,2
BRDA:154,7,1,0
BRDA:156,8,0,1
BRDA:156,8,1,1
BRDA:156,9,0,2
BRDA:156,9,1,2
BRF:21
BRH:16
end_of_record
TN:
SF:src/controllers/loggingController.ts
FN:6,(anonymous_0)
FN:24,(anonymous_1)
FN:102,(anonymous_2)
FN:156,(anonymous_3)
FN:170,(anonymous_4)
FN:234,(anonymous_5)
FN:265,(anonymous_6)
FN:278,(anonymous_7)
FNF:8
FNH:5
FNDA:1,(anonymous_0)
FNDA:0,(anonymous_1)
FNDA:2,(anonymous_2)
FNDA:1,(anonymous_3)
FNDA:2,(anonymous_4)
FNDA:2,(anonymous_5)
FNDA:0,(anonymous_6)
FNDA:0,(anonymous_7)
DA:2,5
DA:3,5
DA:4,5
DA:6,5
DA:7,1
DA:9,1
DA:14,1
DA:24,5
DA:25,0
DA:27,0
DA:29,0
DA:30,0
DA:35,0
DA:38,0
DA:39,0
DA:40,0
DA:41,0
DA:42,0
DA:43,0
DA:46,0
DA:47,0
DA:48,0
DA:49,0
DA:54,0
DA:56,0
DA:60,0
DA:61,0
DA:62,0
DA:63,0
DA:68,0
DA:70,0
DA:73,0
DA:74,0
DA:76,0
DA:83,0
DA:89,0
DA:90,0
DA:91,0
DA:96,0
DA:98,0
DA:102,5
DA:104,2
DA:106,2
DA:107,2
DA:108,2
DA:109,2
DA:110,2
DA:111,2
DA:114,2
DA:115,2
DA:116,2
DA:117,1
DA:122,1
DA:124,1
DA:128,1
DA:129,0
DA:130,0
DA:131,0
DA:136,0
DA:138,0
DA:141,1
DA:143,1
DA:149,1
DA:156,5
DA:157,1
DA:159,1
DA:163,1
DA:170,5
DA:171,2
DA:173,2
DA:176,2
DA:177,1
DA:178,1
DA:179,1
DA:184,1
DA:186,0
DA:190,1
DA:191,0
DA:192,0
DA:193,0
DA:198,0
DA:200,0
DA:204,1
DA:205,0
DA:206,0
DA:207,0
DA:212,0
DA:214,0
DA:217,1
DA:219,1
DA:226,1
DA:234,5
DA:235,2
DA:236,2
DA:238,2
DA:239,1
DA:244,1
DA:247,1
DA:249,1
DA:256,1
DA:264,5
DA:266,0
DA:268,0
DA:269,0
DA:274,0
DA:277,0
DA:278,0
DA:280,0
DA:281,0
DA:286,0
DA:289,0
DA:295,0
DA:296,0
DA:297,0
LF:114
LH:53
BRDA:29,0,0,0
BRDA:29,0,1,0
BRDA:39,1,0,0
BRDA:39,1,1,0
BRDA:40,2,0,0
BRDA:40,2,1,0
BRDA:41,3,0,0
BRDA:41,3,1,0
BRDA:42,4,0,0
BRDA:42,4,1,0
BRDA:43,5,0,0
BRDA:43,5,1,0
BRDA:46,6,0,0
BRDA:46,6,1,0
BRDA:48,7,0,0
BRDA:48,7,1,0
BRDA:48,8,0,0
BRDA:48,8,1,0
BRDA:48,8,2,0
BRDA:60,9,0,0
BRDA:60,9,1,0
BRDA:62,10,0,0
BRDA:62,10,1,0
BRDA:62,11,0,0
BRDA:62,11,1,0
BRDA:90,12,0,0
BRDA:90,12,1,0
BRDA:90,13,0,0
BRDA:90,13,1,0
BRDA:107,14,0,0
BRDA:107,14,1,2
BRDA:108,15,0,0
BRDA:108,15,1,2
BRDA:109,16,0,0
BRDA:109,16,1,2
BRDA:110,17,0,0
BRDA:110,17,1,2
BRDA:111,18,0,1
BRDA:111,18,1,1
BRDA:114,19,0,2
BRDA:114,19,1,0
BRDA:116,20,0,1
BRDA:116,20,1,1
BRDA:116,21,0,2
BRDA:116,21,1,1
BRDA:116,21,2,1
BRDA:128,22,0,0
BRDA:128,22,1,1
BRDA:130,23,0,0
BRDA:130,23,1,0
BRDA:130,24,0,0
BRDA:130,24,1,0
BRDA:176,25,0,1
BRDA:176,25,1,1
BRDA:178,26,0,1
BRDA:178,26,1,0
BRDA:178,27,0,1
BRDA:178,27,1,0
BRDA:190,28,0,0
BRDA:190,28,1,1
BRDA:192,29,0,0
BRDA:192,29,1,0
BRDA:192,30,0,0
BRDA:192,30,1,0
BRDA:204,31,0,0
BRDA:204,31,1,1
BRDA:206,32,0,0
BRDA:206,32,1,0
BRDA:206,33,0,0
BRDA:206,33,1,0
BRDA:236,34,0,1
BRDA:236,34,1,1
BRDA:238,35,0,1
BRDA:238,35,1,1
BRDA:238,36,0,2
BRDA:238,36,1,1
BRDA:268,37,0,0
BRDA:268,37,1,0
BRDA:280,38,0,0
BRDA:280,38,1,0
BRF:80
BRH:25
end_of_record
TN:
SF:src/controllers/newsController.ts
FN:34,(anonymous_0)
FN:39,(anonymous_1)
FN:47,(anonymous_2)
FN:67,(anonymous_3)
FN:126,(anonymous_4)
FN:154,(anonymous_5)
FN:192,(anonymous_6)
FN:324,(anonymous_7)
FN:370,(anonymous_8)
FN:373,(anonymous_9)
FN:421,(anonymous_10)
FN:487,(anonymous_11)
FNF:12
FNH:0
FNDA:0,(anonymous_0)
FNDA:0,(anonymous_1)
FNDA:0,(anonymous_2)
FNDA:0,(anonymous_3)
FNDA:0,(anonymous_4)
FNDA:0,(anonymous_5)
FNDA:0,(anonymous_6)
FNDA:0,(anonymous_7)
FNDA:0,(anonymous_8)
FNDA:0,(anonymous_9)
FNDA:0,(anonymous_10)
FNDA:0,(anonymous_11)
DA:2,5
DA:3,5
DA:6,5
DA:7,5
DA:8,5
DA:18,5
DA:34,0
DA:39,0
DA:47,0
DA:51,5
DA:63,5
DA:72,0
DA:73,0
DA:75,0
DA:76,0
DA:82,0
DA:95,0
DA:98,0
DA:101,0
DA:102,0
DA:103,0
DA:109,0
DA:119,0
DA:123,0
DA:126,0
DA:137,0
DA:145,0
DA:151,0
DA:152,0
DA:154,0
DA:159,0
DA:161,0
DA:169,0
DA:181,0
DA:185,0
DA:197,0
DA:198,0
DA:199,0
DA:201,0
DA:202,0
DA:208,0
DA:211,0
DA:212,0
DA:217,0
DA:228,0
DA:230,0
DA:231,0
DA:234,0
DA:235,0
DA:236,0
DA:247,0
DA:251,0
DA:262,0
DA:274,0
DA:281,0
DA:282,0
DA:289,0
DA:291,0
DA:299,0
DA:312,0
DA:317,0
DA:329,0
DA:330,0
DA:332,0
DA:333,0
DA:339,0
DA:346,0
DA:348,0
DA:351,0
DA:352,0
DA:353,0
DA:363,0
DA:368,0
DA:370,0
DA:371,0
DA:373,0
DA:382,0
DA:390,0
DA:392,0
DA:399,0
DA:410,0
DA:414,0
DA:426,0
DA:427,0
DA:428,0
DA:431,0
DA:432,0
DA:433,0
DA:443,0
DA:447,0
DA:450,0
DA:457,0
DA:459,0
DA:465,0
DA:476,0
DA:480,0
DA:492,0
DA:493,0
DA:494,0
DA:497,0
DA:498,0
DA:503,0
DA:506,0
DA:508,0
DA:509,0
DA:514,0
DA:515,0
DA:518,0
DA:520,0
DA:527,0
DA:529,0
DA:530,0
DA:533,0
DA:535,0
DA:542,0
DA:546,0
LF:116
LH:8
BRDA:75,0,0,0
BRDA:75,0,1,0
BRDA:87,1,0,0
BRDA:89,2,0,0
BRDA:90,3,0,0
BRDA:94,4,0,0
BRDA:98,5,0,0
BRDA:98,5,1,0
BRDA:98,6,0,0
BRDA:98,6,1,0
BRDA:98,7,0,0
BRDA:98,7,1,0
BRDA:98,8,0,0
BRDA:98,8,1,0
BRDA:98,9,0,0
BRDA:98,9,1,0
BRDA:102,10,0,0
BRDA:102,10,1,0
BRDA:106,11,0,0
BRDA:106,11,1,0
BRDA:125,12,0,0
BRDA:125,12,1,0
BRDA:129,13,0,0
BRDA:129,13,1,0
BRDA:130,14,0,0
BRDA:130,14,1,0
BRDA:151,15,0,0
BRDA:151,15,1,0
BRDA:151,16,0,0
BRDA:151,16,1,0
BRDA:165,17,0,0
BRDA:165,17,1,0
BRDA:176,18,0,0
BRDA:176,18,1,0
BRDA:176,18,2,0
BRDA:182,19,0,0
BRDA:182,19,1,0
BRDA:201,20,0,0
BRDA:201,20,1,0
BRDA:211,21,0,0
BRDA:211,21,1,0
BRDA:221,22,0,0
BRDA:223,23,0,0
BRDA:224,24,0,0
BRDA:227,25,0,0
BRDA:231,26,0,0
BRDA:231,26,1,0
BRDA:231,27,0,0
BRDA:231,27,1,0
BRDA:231,28,0,0
BRDA:231,28,1,0
BRDA:235,29,0,0
BRDA:235,29,1,0
BRDA:255,30,0,0
BRDA:255,30,1,0
BRDA:256,31,0,0
BRDA:256,31,1,0
BRDA:281,32,0,0
BRDA:281,32,1,0
BRDA:295,33,0,0
BRDA:295,33,1,0
BRDA:307,34,0,0
BRDA:307,34,1,0
BRDA:307,34,2,0
BRDA:313,35,0,0
BRDA:313,35,1,0
BRDA:332,36,0,0
BRDA:332,36,1,0
BRDA:344,37,0,0
BRDA:345,38,0,0
BRDA:348,39,0,0
BRDA:348,39,1,0
BRDA:352,40,0,0
BRDA:352,40,1,0
BRDA:368,41,0,0
BRDA:368,41,1,0
BRDA:396,42,0,0
BRDA:396,42,1,0
BRDA:411,43,0,0
BRDA:411,43,1,0
BRDA:427,44,0,0
BRDA:427,45,0,0
BRDA:432,46,0,0
BRDA:432,46,1,0
BRDA:477,47,0,0
BRDA:477,47,1,0
BRDA:497,48,0,0
BRDA:497,48,1,0
BRDA:506,49,0,0
BRDA:506,49,1,0
BRDA:543,50,0,0
BRDA:543,50,1,0
BRF:92
BRH:0
end_of_record
TN:
SF:src/controllers/systemController.ts
FN:7,(anonymous_0)
FN:53,(anonymous_1)
FN:68,(anonymous_2)
FNF:3
FNH:3
FNDA:7,(anonymous_0)
FNDA:3,(anonymous_1)
FNDA:2,(anonymous_2)
DA:2,5
DA:3,5
DA:4,5
DA:5,5
DA:7,5
DA:9,7
DA:12,7
DA:14,7
DA:35,7
DA:36,0
DA:37,7
DA:38,7
DA:41,7
DA:44,7
DA:50,7
DA:53,5
DA:54,3
DA:65,3
DA:68,5
DA:69,2
DA:82,2
LF:21
LH:20
BRDA:18,0,0,7
BRDA:18,0,1,0
BRDA:19,1,0,7
BRDA:19,1,1,0
BRDA:35,2,0,0
BRDA:35,2,1,7
BRDA:35,3,0,7
BRDA:35,3,1,7
BRDA:37,4,0,7
BRDA:37,4,1,0
BRDA:37,5,0,7
BRDA:37,5,1,7
BRDA:41,6,0,0
BRDA:41,6,1,7
BRDA:42,7,0,7
BRDA:42,7,1,0
BRDA:56,8,0,3
BRDA:56,8,1,0
BRDA:58,9,0,3
BRDA:58,9,1,0
BRDA:79,10,0,2
BRDA:79,10,1,0
BRF:22
BRH:13
end_of_record
TN:
SF:src/middleware/apiErrorHandler.ts
FN:24,(anonymous_0)
FN:50,(anonymous_1)
FN:65,(anonymous_2)
FN:92,(anonymous_4)
FN:118,(anonymous_5)
FN:125,(anonymous_6)
FN:135,(anonymous_7)
FN:150,(anonymous_8)
FN:167,(anonymous_9)
FN:174,(anonymous_10)
FN:176,(anonymous_11)
FN:210,(anonymous_12)
FN:211,(anonymous_13)
FN:218,(anonymous_14)
FN:290,(anonymous_15)
FN:322,(anonymous_16)
FNF:16
FNH:15
FNDA:5,(anonymous_0)
FNDA:1,(anonymous_1)
FNDA:2,(anonymous_2)
FNDA:10,(anonymous_4)
FNDA:1,(anonymous_5)
FNDA:2,(anonymous_6)
FNDA:7,(anonymous_7)
FNDA:2,(anonymous_8)
FNDA:4,(anonymous_9)
FNDA:4,(anonymous_10)
FNDA:5,(anonymous_11)
FNDA:5,(anonymous_12)
FNDA:5,(anonymous_13)
FNDA:0,(anonymous_14)
FNDA:4,(anonymous_15)
FNDA:3,(anonymous_16)
DA:7,1
DA:17,1
DA:32,5
DA:33,5
DA:34,5
DA:35,5
DA:36,5
DA:37,5
DA:38,5
DA:41,5
DA:42,5
DA:47,1
DA:56,1
DA:57,1
DA:58,1
DA:62,1
DA:71,2
DA:72,2
DA:73,2
DA:80,1
DA:81,4
DA:82,4
DA:83,4
DA:86,4
DA:87,4
DA:88,4
DA:89,4
DA:93,10
DA:94,1
DA:95,0
DA:96,0
DA:100,1
DA:108,9
DA:109,9
DA:110,2
DA:111,2
DA:113,7
DA:114,7
DA:119,1
DA:126,2
DA:127,2
DA:128,2
DA:130,2
DA:136,7
DA:137,7
DA:139,7
DA:140,2
DA:142,2
DA:155,2
DA:166,1
DA:168,4
DA:169,4
DA:170,4
DA:171,4
DA:176,5
DA:180,4
DA:181,9
DA:182,9
DA:184,7
DA:187,7
DA:188,2
DA:191,5
DA:196,5
DA:203,5
DA:207,2
DA:211,5
DA:218,1
DA:226,0
DA:229,0
DA:239,0
DA:240,0
DA:247,0
DA:250,0
DA:251,0
DA:258,0
DA:261,0
DA:262,0
DA:270,0
DA:275,0
DA:276,0
DA:290,1
DA:294,4
DA:299,1
DA:303,3
DA:304,3
DA:308,1
DA:312,2
DA:313,1
DA:316,1
DA:322,1
DA:330,3
DA:331,3
DA:332,1
DA:333,1
DA:334,1
DA:339,2
DA:340,2
DA:341,0
DA:342,0
DA:343,0
DA:348,2
DA:353,1
DA:356,1
LF:103
LH:85
BRDA:26,0,0,0
BRDA:27,1,0,0
BRDA:29,2,0,0
BRDA:30,3,0,1
BRDA:36,4,0,5
BRDA:36,4,1,2
BRDA:41,5,0,5
BRDA:41,5,1,0
BRDA:53,6,0,0
BRDA:68,7,0,0
BRDA:87,8,0,0
BRDA:88,9,0,0
BRDA:89,10,0,4
BRDA:93,11,0,1
BRDA:93,11,1,9
BRDA:94,12,0,0
BRDA:94,12,1,1
BRDA:120,13,0,1
BRDA:120,13,1,1
BRDA:139,14,0,2
BRDA:139,14,1,5
BRDA:168,15,0,0
BRDA:169,16,0,0
BRDA:170,17,0,0
BRDA:171,18,0,0
BRDA:176,19,0,3
BRDA:187,20,0,2
BRDA:187,20,1,5
BRDA:187,21,0,7
BRDA:187,21,1,6
BRDA:200,22,0,5
BRDA:200,22,1,0
BRDA:207,23,0,2
BRDA:207,23,1,0
BRDA:226,24,0,0
BRDA:226,24,1,0
BRDA:239,25,0,0
BRDA:239,25,1,0
BRDA:250,26,0,0
BRDA:250,26,1,0
BRDA:261,27,0,0
BRDA:261,27,1,0
BRDA:275,28,0,0
BRDA:275,28,1,0
BRDA:280,29,0,0
BRDA:280,29,1,0
BRDA:294,30,0,1
BRDA:294,30,1,3
BRDA:295,31,0,4
BRDA:295,31,1,3
BRDA:295,31,2,3
BRDA:304,32,0,1
BRDA:304,32,1,2
BRDA:305,33,0,3
BRDA:305,33,1,2
BRDA:312,34,0,1
BRDA:312,34,1,1
BRDA:312,35,0,2
BRDA:312,35,1,1
BRDA:331,36,0,1
BRDA:331,36,1,2
BRDA:333,37,0,1
BRDA:333,37,1,0
BRDA:340,38,0,0
BRDA:340,38,1,2
BRDA:342,39,0,0
BRDA:342,39,1,0
BRDA:348,40,0,1
BRDA:348,40,1,1
BRDA:349,41,0,2
BRDA:349,41,1,1
BRDA:349,41,2,1
BRF:72
BRH:41
end_of_record
TN:
SF:src/middleware/auth.ts
FN:15,(anonymous_0)
FN:62,(anonymous_1)
FN:87,(anonymous_2)
FNF:3
FNH:2
FNDA:1,(anonymous_0)
FNDA:0,(anonymous_1)
FNDA:3,(anonymous_2)
DA:2,5
DA:15,5
DA:20,1
DA:22,1
DA:23,1
DA:25,1
DA:27,1
DA:28,1
DA:29,1
DA:31,0
DA:32,0
DA:35,0
DA:38,1
DA:44,1
DA:46,0
DA:51,0
DA:62,5
DA:67,0
DA:68,0
DA:73,0
DA:78,0
DA:81,0
DA:87,5
DA:92,3
DA:93,3
DA:94,3
DA:96,3
DA:97,0
DA:98,0
DA:101,0
DA:103,0
DA:108,3
DA:113,3
DA:115,0
DA:121,0
LF:35
LH:19
BRDA:25,0,0,1
BRDA:25,0,1,0
BRDA:47,1,0,0
BRDA:47,1,1,0
BRDA:67,2,0,0
BRDA:67,2,1,0
BRDA:96,3,0,0
BRDA:96,3,1,3
BRDA:116,4,0,0
BRDA:116,4,1,0
BRF:10
BRH:2
end_of_record
TN:
SF:src/middleware/errorHandler.ts
FN:19,(anonymous_0)
FN:41,(anonymous_1)
FN:47,(anonymous_2)
FN:53,(anonymous_3)
FN:59,(anonymous_4)
FN:65,(anonymous_5)
FN:71,(anonymous_6)
FN:77,(anonymous_7)
FN:83,(anonymous_8)
FN:97,(anonymous_9)
FN:100,(anonymous_10)
FN:105,(anonymous_11)
FN:116,(anonymous_12)
FN:122,(anonymous_13)
FN:126,(anonymous_14)
FN:130,(anonymous_15)
FN:136,(anonymous_16)
FN:141,(anonymous_17)
FN:145,(anonymous_18)
FN:157,(anonymous_19)
FN:173,(anonymous_20)
FN:184,(anonymous_21)
FN:190,(anonymous_22)
FN:201,(anonymous_23)
FN:313,(anonymous_24)
FN:323,(anonymous_25)
FN:337,(anonymous_26)
FN:350,sanitizeBody
FN:391,(anonymous_28)
FN:393,(anonymous_29)
FN:400,(anonymous_30)
FNF:31
FNH:28
FNDA:30,(anonymous_0)
FNDA:13,(anonymous_1)
FNDA:1,(anonymous_2)
FNDA:1,(anonymous_3)
FNDA:2,(anonymous_4)
FNDA:2,(anonymous_5)
FNDA:1,(anonymous_6)
FNDA:1,(anonymous_7)
FNDA:1,(anonymous_8)
FNDA:167,(anonymous_9)
FNDA:38,(anonymous_10)
FNDA:3,(anonymous_11)
FNDA:6,(anonymous_12)
FNDA:5,(anonymous_13)
FNDA:4,(anonymous_14)
FNDA:1,(anonymous_15)
FNDA:3,(anonymous_16)
FNDA:1,(anonymous_17)
FNDA:2,(anonymous_18)
FNDA:1,(anonymous_19)
FNDA:1,(anonymous_20)
FNDA:1,(anonymous_21)
FNDA:2,(anonymous_22)
FNDA:28,(anonymous_23)
FNDA:1,(anonymous_24)
FNDA:0,(anonymous_25)
FNDA:0,(anonymous_26)
FNDA:3,sanitizeBody
FNDA:7,(anonymous_28)
FNDA:7,(anonymous_29)
FNDA:0,(anonymous_30)
DA:2,7
DA:12,7
DA:26,30
DA:27,30
DA:28,30
DA:29,30
DA:30,30
DA:31,30
DA:32,30
DA:35,30
DA:40,7
DA:42,13
DA:46,7
DA:48,1
DA:52,7
DA:54,1
DA:58,7
DA:60,2
DA:64,7
DA:66,2
DA:70,7
DA:72,1
DA:76,7
DA:78,1
DA:82,7
DA:88,1
DA:97,7
DA:100,167
DA:101,38
DA:105,7
DA:112,3
DA:116,7
DA:119,6
DA:122,7
DA:123,5
DA:126,7
DA:127,4
DA:130,7
DA:133,1
DA:136,7
DA:137,3
DA:141,7
DA:144,1
DA:145,2
DA:152,1
DA:157,7
DA:158,1
DA:160,1
DA:162,1
DA:168,0
DA:173,7
DA:174,1
DA:184,7
DA:187,1
DA:190,2
DA:197,1
DA:201,7
DA:211,28
DA:212,22
DA:213,6
DA:214,1
DA:215,5
DA:216,1
DA:217,4
DA:218,1
DA:219,3
DA:220,1
DA:223,2
DA:234,28
DA:237,28
DA:255,28
DA:256,4
DA:266,24
DA:267,24
DA:279,28
DA:291,28
DA:292,28
DA:293,22
DA:298,28
DA:299,28
DA:303,28
DA:304,0
DA:306,0
DA:309,28
DA:313,7
DA:318,1
DA:319,1
DA:323,7
DA:327,0
DA:333,0
DA:337,7
DA:338,0
DA:346,0
DA:351,3
DA:352,0
DA:355,3
DA:369,3
DA:371,3
DA:372,33
DA:373,0
DA:378,3
DA:379,6
DA:380,0
DA:384,3
DA:388,7
DA:394,7
DA:395,7
DA:397,7
DA:404,0
DA:411,0
DA:426,0
DA:437,7
LF:112
LH:99
BRDA:21,0,0,0
BRDA:30,1,0,29
BRDA:30,1,1,1
BRDA:31,2,0,23
BRDA:31,2,1,7
BRDA:32,3,0,1
BRDA:32,3,1,29
BRDA:47,4,0,1
BRDA:53,5,0,1
BRDA:59,6,0,0
BRDA:71,7,0,1
BRDA:107,8,0,1
BRDA:123,9,0,5
BRDA:123,9,1,4
BRDA:158,10,0,1
BRDA:158,10,1,0
BRDA:160,11,0,1
BRDA:160,11,1,0
BRDA:160,12,0,1
BRDA:160,12,1,0
BRDA:187,13,0,1
BRDA:187,13,1,0
BRDA:211,14,0,22
BRDA:211,14,1,6
BRDA:213,15,0,1
BRDA:213,15,1,5
BRDA:215,16,0,1
BRDA:215,16,1,4
BRDA:217,17,0,1
BRDA:217,17,1,3
BRDA:219,18,0,1
BRDA:219,18,1,2
BRDA:224,19,0,2
BRDA:224,19,1,0
BRDA:225,20,0,2
BRDA:225,20,1,2
BRDA:226,21,0,2
BRDA:226,21,1,2
BRDA:227,22,0,2
BRDA:227,22,1,0
BRDA:234,23,0,28
BRDA:234,23,1,0
BRDA:243,24,0,28
BRDA:243,24,1,28
BRDA:245,25,0,3
BRDA:245,25,1,25
BRDA:245,26,0,28
BRDA:245,26,1,5
BRDA:249,27,0,3
BRDA:249,27,1,25
BRDA:249,28,0,28
BRDA:249,28,1,28
BRDA:251,29,0,0
BRDA:251,29,1,28
BRDA:251,30,0,28
BRDA:251,30,1,28
BRDA:255,31,0,4
BRDA:255,31,1,24
BRDA:266,32,0,24
BRDA:266,32,1,0
BRDA:291,33,0,28
BRDA:291,33,1,0
BRDA:291,34,0,28
BRDA:291,34,1,0
BRDA:292,35,0,22
BRDA:292,35,1,6
BRDA:298,36,0,28
BRDA:298,36,1,0
BRDA:303,37,0,0
BRDA:303,37,1,28
BRDA:303,38,0,28
BRDA:303,38,1,0
BRDA:328,39,0,0
BRDA:328,39,1,0
BRDA:351,40,0,0
BRDA:351,40,1,3
BRDA:351,41,0,3
BRDA:351,41,1,3
BRDA:372,42,0,0
BRDA:372,42,1,33
BRDA:379,43,0,0
BRDA:379,43,1,6
BRDA:379,44,0,6
BRDA:379,44,1,0
BRDA:394,45,0,7
BRDA:394,45,1,0
BRDA:429,46,0,0
BRDA:429,46,1,0
BRF:88
BRH:63
end_of_record
TN:
SF:src/middleware/logging.ts
FN:14,(anonymous_1)
FN:20,(anonymous_2)
FN:25,(anonymous_3)
FN:30,(anonymous_4)
FN:36,(anonymous_5)
FN:41,(anonymous_6)
FN:71,(anonymous_7)
FN:86,(anonymous_8)
FN:101,(anonymous_9)
FN:110,(anonymous_10)
FN:135,(anonymous_11)
FN:172,(anonymous_12)
FN:205,(anonymous_13)
FN:228,(anonymous_14)
FN:246,(anonymous_15)
FN:265,generateRequestId
FN:269,sanitizeRequestBody
FN:302,sanitizeResponseBody
FNF:18
FNH:14
FNDA:8,(anonymous_1)
FNDA:8,(anonymous_2)
FNDA:0,(anonymous_3)
FNDA:8,(anonymous_4)
FNDA:8,(anonymous_5)
FNDA:8,(anonymous_6)
FNDA:44,(anonymous_7)
FNDA:44,(anonymous_8)
FNDA:44,(anonymous_9)
FNDA:44,(anonymous_10)
FNDA:44,(anonymous_11)
FNDA:44,(anonymous_12)
FNDA:0,(anonymous_13)
FNDA:0,(anonymous_14)
FNDA:0,(anonymous_15)
FNDA:43,generateRequestId
FNDA:6,sanitizeRequestBody
FNDA:8,sanitizeResponseBody
DA:2,5
DA:3,5
DA:4,5
DA:13,5
DA:15,8
DA:20,5
DA:21,8
DA:25,5
DA:26,0
DA:30,5
DA:31,8
DA:32,8
DA:36,5
DA:37,8
DA:41,5
DA:42,8
DA:46,5
DA:67,5
DA:73,44
DA:74,0
DA:77,44
DA:78,44
DA:80,0
DA:86,5
DA:92,44
DA:95,44
DA:96,44
DA:97,44
DA:101,5
DA:106,44
DA:109,44
DA:110,44
DA:111,44
DA:112,44
DA:113,44
DA:117,44
DA:118,0
DA:128,44
DA:131,44
DA:135,5
DA:140,44
DA:143,44
DA:156,44
DA:157,6
DA:158,6
DA:163,6
DA:171,44
DA:172,44
DA:173,44
DA:176,44
DA:187,44
DA:188,8
DA:189,8
DA:190,8
DA:198,44
DA:201,44
DA:205,5
DA:211,0
DA:224,0
DA:228,5
DA:233,0
DA:246,5
DA:251,0
DA:266,43
DA:270,6
DA:271,0
DA:274,6
DA:285,6
DA:286,6
DA:287,48
DA:288,0
DA:293,6
DA:294,6
DA:295,0
DA:299,6
DA:303,8
DA:304,0
DA:308,8
DA:309,8
DA:310,0
DA:316,8
DA:325,8
DA:326,8
DA:327,48
DA:328,0
DA:332,8
LF:86
LH:72
BRDA:21,0,0,8
BRDA:21,0,1,0
BRDA:26,1,0,0
BRDA:26,1,1,0
BRDA:32,2,0,6
BRDA:32,2,1,2
BRDA:37,3,0,8
BRDA:37,3,1,4
BRDA:42,4,0,8
BRDA:42,4,1,0
BRDA:68,5,0,0
BRDA:68,5,1,5
BRDA:73,6,0,0
BRDA:73,6,1,44
BRDA:73,7,0,44
BRDA:73,7,1,0
BRDA:77,8,0,44
BRDA:77,8,1,0
BRDA:92,9,0,44
BRDA:92,9,1,43
BRDA:92,9,2,43
BRDA:112,10,0,44
BRDA:112,10,1,0
BRDA:117,11,0,0
BRDA:117,11,1,44
BRDA:151,12,0,5
BRDA:151,12,1,39
BRDA:152,13,0,0
BRDA:152,13,1,44
BRDA:156,14,0,6
BRDA:156,14,1,38
BRDA:156,15,0,44
BRDA:156,15,1,9
BRDA:156,15,2,6
BRDA:158,16,0,6
BRDA:158,16,1,0
BRDA:159,17,0,6
BRDA:159,17,1,6
BRDA:159,17,2,6
BRDA:187,18,0,8
BRDA:187,18,1,36
BRDA:187,19,0,44
BRDA:187,19,1,36
BRDA:189,20,0,8
BRDA:189,20,1,0
BRDA:222,21,0,0
BRDA:222,21,1,0
BRDA:258,22,0,0
BRDA:258,22,1,0
BRDA:270,23,0,0
BRDA:270,23,1,6
BRDA:270,24,0,6
BRDA:270,24,1,6
BRDA:287,25,0,0
BRDA:287,25,1,48
BRDA:294,26,0,0
BRDA:294,26,1,6
BRDA:294,27,0,6
BRDA:294,27,1,0
BRDA:303,28,0,0
BRDA:303,28,1,8
BRDA:303,29,0,8
BRDA:303,29,1,8
BRDA:309,30,0,0
BRDA:309,30,1,8
BRDA:327,31,0,0
BRDA:327,31,1,48
BRF:67
BRH:43
end_of_record
TN:
SF:src/middleware/rateLimiter.ts
FN:18,(anonymous_0)
FN:24,(anonymous_1)
FN:31,(anonymous_2)
FN:46,(anonymous_3)
FN:57,(anonymous_4)
FN:68,(anonymous_5)
FN:73,(anonymous_6)
FN:126,(anonymous_7)
FN:156,(anonymous_8)
FNF:9
FNH:8
FNDA:75,(anonymous_0)
FNDA:0,(anonymous_1)
FNDA:23,(anonymous_2)
FNDA:1,(anonymous_3)
FNDA:1,(anonymous_4)
FNDA:13,(anonymous_5)
FNDA:24,(anonymous_6)
FNDA:78,(anonymous_7)
FNDA:54,(anonymous_8)
DA:2,22
DA:3,22
DA:12,22
DA:13,75
DA:19,75
DA:20,75
DA:23,75
DA:25,0
DA:34,23
DA:35,23
DA:36,3
DA:38,20
DA:48,1
DA:49,1
DA:51,1
DA:52,1
DA:53,1
DA:57,1
DA:58,1
DA:61,1
DA:62,1
DA:73,13
DA:74,24
DA:75,24
DA:76,24
DA:79,24
DA:80,13
DA:87,24
DA:90,24
DA:91,24
DA:93,24
DA:94,24
DA:95,24
DA:98,24
DA:99,5
DA:107,5
DA:114,5
DA:117,19
DA:119,0
DA:121,0
DA:127,78
DA:128,78
DA:130,78
DA:136,22
DA:142,22
DA:146,22
DA:150,22
DA:156,22
DA:162,54
DA:163,49
DA:164,49
DA:168,5
DA:169,1
DA:170,1
DA:174,4
DA:175,1
DA:176,1
DA:180,3
DA:184,22
LF:59
LH:56
BRDA:18,0,0,0
BRDA:18,1,0,0
BRDA:35,2,0,3
BRDA:35,2,1,20
BRDA:39,3,0,20
BRDA:39,3,1,0
BRDA:39,3,2,0
BRDA:39,3,3,0
BRDA:52,4,0,1
BRDA:52,4,1,0
BRDA:61,5,0,1
BRDA:61,5,1,0
BRDA:79,6,0,13
BRDA:79,6,1,11
BRDA:79,7,0,24
BRDA:79,7,1,12
BRDA:98,8,0,5
BRDA:98,8,1,19
BRDA:127,9,0,78
BRDA:127,9,1,0
BRDA:136,10,0,22
BRDA:136,10,1,0
BRDA:136,10,2,0
BRDA:136,10,3,0
BRDA:143,11,0,0
BRDA:143,11,1,22
BRDA:144,12,0,0
BRDA:144,12,1,22
BRDA:147,13,0,0
BRDA:147,13,1,22
BRDA:148,14,0,0
BRDA:148,14,1,22
BRDA:152,15,0,0
BRDA:152,15,1,22
BRDA:162,16,0,49
BRDA:162,16,1,5
BRDA:162,17,0,54
BRDA:162,17,1,54
BRDA:168,18,0,1
BRDA:168,18,1,4
BRDA:168,19,0,5
BRDA:168,19,1,4
BRDA:174,20,0,1
BRDA:174,20,1,3
BRF:44
BRH:28
end_of_record
TN:
SF:src/middleware/requestId.ts
FN:4,(anonymous_0)
FNF:1
FNH:1
FNDA:41,(anonymous_0)
DA:2,2
DA:4,2
DA:10,41
DA:13,41
DA:16,41
DA:18,41
LF:6
LH:6
BRF:0
BRH:0
end_of_record
TN:
SF:src/middleware/security.ts
FN:26,(anonymous_1)
FN:119,(anonymous_2)
FN:124,(anonymous_3)
FN:172,(anonymous_4)
FN:176,(anonymous_5)
FN:206,(anonymous_6)
FN:230,(anonymous_7)
FN:262,(anonymous_8)
FN:267,(anonymous_9)
FN:268,(anonymous_10)
FN:323,(anonymous_11)
FN:377,(anonymous_12)
FN:378,(anonymous_13)
FN:379,(anonymous_14)
FN:398,(anonymous_15)
FN:402,(anonymous_16)
FN:411,(anonymous_17)
FN:435,(anonymous_18)
FNF:18
FNH:12
FNDA:7,(anonymous_1)
FNDA:11,(anonymous_2)
FNDA:18,(anonymous_3)
FNDA:7,(anonymous_4)
FNDA:11,(anonymous_5)
FNDA:7,(anonymous_6)
FNDA:11,(anonymous_7)
FNDA:0,(anonymous_8)
FNDA:0,(anonymous_9)
FNDA:0,(anonymous_10)
FNDA:0,(anonymous_11)
FNDA:5,(anonymous_12)
FNDA:12,(anonymous_13)
FNDA:0,(anonymous_14)
FNDA:12,(anonymous_15)
FNDA:12,(anonymous_16)
FNDA:5,(anonymous_17)
FNDA:0,(anonymous_18)
DA:2,1
DA:3,1
DA:4,1
DA:5,1
DA:26,1
DA:28,7
DA:29,7
DA:31,7
DA:119,1
DA:124,11
DA:125,18
DA:127,10
DA:135,8
DA:136,0
DA:139,8
DA:140,1
DA:143,7
DA:144,7
DA:146,17
DA:152,6
DA:155,11
DA:157,7
DA:161,11
DA:162,5
DA:168,11
DA:172,1
DA:174,7
DA:176,5
DA:177,11
DA:179,11
DA:180,5
DA:182,5
DA:183,0
DA:191,0
DA:197,0
DA:201,11
DA:206,1
DA:207,7
DA:214,7
DA:215,7
DA:216,1
DA:219,6
DA:220,6
DA:222,6
DA:223,1
DA:226,5
DA:230,1
DA:236,11
DA:239,11
DA:240,11
DA:241,11
DA:242,11
DA:243,11
DA:249,11
DA:250,0
DA:254,0
DA:255,0
DA:258,11
DA:262,1
DA:267,0
DA:268,0
DA:269,0
DA:270,0
DA:271,0
DA:272,0
DA:275,0
DA:278,0
DA:281,0
DA:282,0
DA:289,0
DA:295,0
DA:299,0
DA:300,0
DA:301,0
DA:308,0
DA:314,0
DA:318,0
DA:323,1
DA:328,0
DA:331,0
DA:332,0
DA:335,0
DA:336,0
DA:343,0
DA:349,0
DA:353,0
DA:354,0
DA:361,0
DA:367,0
DA:373,0
DA:377,1
DA:378,5
DA:379,12
DA:380,0
DA:381,0
DA:388,0
DA:398,12
DA:399,12
DA:402,12
DA:403,12
DA:406,12
DA:411,1
DA:414,5
DA:416,5
DA:435,1
DA:438,0
DA:440,0
DA:463,1
DA:464,1
DA:465,1
DA:466,1
DA:467,1
DA:468,1
DA:469,1
DA:473,1
LF:115
LH:73
BRDA:28,0,0,7
BRDA:28,0,1,7
BRDA:33,1,0,7
BRDA:33,1,1,0
BRDA:40,2,0,0
BRDA:40,2,1,0
BRDA:65,3,0,0
BRDA:65,3,1,7
BRDA:96,4,0,0
BRDA:96,4,1,7
BRDA:125,5,0,10
BRDA:125,5,1,8
BRDA:135,6,0,0
BRDA:135,6,1,8
BRDA:135,7,0,8
BRDA:135,7,1,8
BRDA:139,8,0,1
BRDA:139,8,1,7
BRDA:146,9,0,6
BRDA:146,9,1,11
BRDA:147,10,0,17
BRDA:147,10,1,15
BRDA:147,10,2,14
BRDA:147,10,3,13
BRDA:161,11,0,5
BRDA:161,11,1,6
BRDA:172,12,0,0
BRDA:179,13,0,5
BRDA:179,13,1,6
BRDA:182,14,0,0
BRDA:182,14,1,5
BRDA:215,15,0,1
BRDA:215,15,1,6
BRDA:220,16,0,6
BRDA:220,16,1,0
BRDA:222,17,0,1
BRDA:222,17,1,5
BRDA:249,18,0,0
BRDA:249,18,1,11
BRDA:249,19,0,11
BRDA:249,19,1,11
BRDA:269,20,0,0
BRDA:269,20,1,0
BRDA:271,21,0,0
BRDA:271,21,1,0
BRDA:275,22,0,0
BRDA:275,22,1,0
BRDA:275,22,2,0
BRDA:281,23,0,0
BRDA:281,23,1,0
BRDA:281,24,0,0
BRDA:281,24,1,0
BRDA:299,25,0,0
BRDA:299,25,1,0
BRDA:299,26,0,0
BRDA:299,26,1,0
BRDA:300,27,0,0
BRDA:300,27,1,0
BRDA:331,28,0,0
BRDA:331,28,1,0
BRDA:331,29,0,0
BRDA:331,29,1,0
BRDA:335,30,0,0
BRDA:335,30,1,0
BRDA:353,31,0,0
BRDA:353,31,1,0
BRDA:377,32,0,0
BRDA:380,33,0,0
BRDA:380,33,1,0
BRF:69
BRH:31
end_of_record
TN:
SF:src/middleware/validation.ts
FN:12,(anonymous_1)
FN:15,(anonymous_2)
FN:22,(anonymous_3)
FN:36,(anonymous_4)
FN:52,(anonymous_5)
FN:68,(anonymous_6)
FN:165,(anonymous_7)
FN:170,(anonymous_8)
FN:175,(anonymous_9)
FN:180,(anonymous_10)
FN:194,(anonymous_11)
FN:203,(anonymous_12)
FN:206,(anonymous_13)
FN:216,(anonymous_14)
FNF:14
FNH:14
FNDA:120,(anonymous_1)
FNDA:21,(anonymous_2)
FNDA:6,(anonymous_3)
FNDA:5,(anonymous_4)
FNDA:1,(anonymous_5)
FNDA:1,(anonymous_6)
FNDA:5,(anonymous_7)
FNDA:5,(anonymous_8)
FNDA:5,(anonymous_9)
FNDA:5,(anonymous_10)
FNDA:2,(anonymous_11)
FNDA:1,(anonymous_12)
FNDA:2,(anonymous_13)
FNDA:1,(anonymous_14)
DA:2,6
DA:3,6
DA:12,6
DA:15,120
DA:16,21
DA:19,21
DA:20,5
DA:21,5
DA:22,3
DA:23,6
DA:33,21
DA:34,12
DA:35,12
DA:36,3
DA:37,5
DA:47,21
DA:48,7
DA:51,7
DA:52,1
DA:53,1
DA:63,21
DA:64,2
DA:67,2
DA:68,1
DA:69,1
DA:78,21
DA:79,8
DA:82,8
DA:85,13
DA:90,6
DA:165,6
DA:166,5
DA:167,5
DA:170,6
DA:171,5
DA:172,5
DA:175,6
DA:176,5
DA:177,5
DA:180,6
DA:181,5
DA:184,5
DA:188,6
DA:195,2
DA:196,1
DA:198,1
DA:203,6
DA:206,1
DA:207,2
DA:212,2
DA:213,1
DA:216,1
DA:223,1
DA:226,1
DA:227,1
DA:232,6
DA:243,6
DA:251,6
DA:277,6
DA:291,6
LF:60
LH:60
BRDA:19,0,0,5
BRDA:19,0,1,16
BRDA:21,1,0,3
BRDA:21,1,1,2
BRDA:33,2,0,12
BRDA:33,2,1,9
BRDA:35,3,0,3
BRDA:35,3,1,9
BRDA:47,4,0,7
BRDA:47,4,1,14
BRDA:51,5,0,1
BRDA:51,5,1,6
BRDA:63,6,0,2
BRDA:63,6,1,19
BRDA:67,7,0,1
BRDA:67,7,1,1
BRDA:78,8,0,8
BRDA:78,8,1,13
BRDA:195,9,0,1
BRDA:195,9,1,1
BRDA:212,10,0,1
BRDA:212,10,1,1
BRF:22
BRH:22
end_of_record
TN:
SF:src/models/Asset.ts
FN:59,(anonymous_0)
FN:66,(anonymous_1)
FN:86,(anonymous_2)
FN:95,(anonymous_3)
FN:98,(anonymous_4)
FN:99,(anonymous_5)
FN:108,(anonymous_6)
FN:115,(anonymous_7)
FN:124,(anonymous_8)
FN:131,(anonymous_9)
FN:143,(anonymous_10)
FN:150,(anonymous_11)
FN:182,(anonymous_12)
FN:189,(anonymous_13)
FN:209,(anonymous_14)
FN:228,(anonymous_15)
FN:241,(anonymous_16)
FN:248,(anonymous_17)
FN:268,(anonymous_18)
FN:279,(anonymous_19)
FN:313,(anonymous_20)
FN:321,(anonymous_21)
FN:342,(anonymous_22)
FN:350,(anonymous_23)
FN:359,(anonymous_24)
FN:366,(anonymous_25)
FN:370,(anonymous_26)
FN:374,(anonymous_27)
FN:378,(anonymous_28)
FN:382,(anonymous_29)
FN:386,(anonymous_30)
FN:390,(anonymous_31)
FN:394,(anonymous_32)
FN:398,(anonymous_33)
FN:402,(anonymous_34)
FN:406,(anonymous_35)
FN:410,(anonymous_36)
FN:414,(anonymous_37)
FN:418,(anonymous_38)
FN:422,(anonymous_39)
FN:425,(anonymous_40)
FN:428,(anonymous_41)
FN:431,(anonymous_42)
FN:434,(anonymous_43)
FNF:44
FNH:16
FNDA:1,(anonymous_0)
FNDA:9,(anonymous_1)
FNDA:1,(anonymous_2)
FNDA:1,(anonymous_3)
FNDA:3,(anonymous_4)
FNDA:3,(anonymous_5)
FNDA:2,(anonymous_6)
FNDA:0,(anonymous_7)
FNDA:0,(anonymous_8)
FNDA:0,(anonymous_9)
FNDA:0,(anonymous_10)
FNDA:2,(anonymous_11)
FNDA:2,(anonymous_12)
FNDA:0,(anonymous_13)
FNDA:2,(anonymous_14)
FNDA:0,(anonymous_15)
FNDA:0,(anonymous_16)
FNDA:0,(anonymous_17)
FNDA:0,(anonymous_18)
FNDA:0,(anonymous_19)
FNDA:0,(anonymous_20)
FNDA:0,(anonymous_21)
FNDA:0,(anonymous_22)
FNDA:0,(anonymous_23)
FNDA:15,(anonymous_24)
FNDA:9,(anonymous_25)
FNDA:0,(anonymous_26)
FNDA:1,(anonymous_27)
FNDA:1,(anonymous_28)
FNDA:0,(anonymous_29)
FNDA:0,(anonymous_30)
FNDA:2,(anonymous_31)
FNDA:0,(anonymous_32)
FNDA:2,(anonymous_33)
FNDA:0,(anonymous_34)
FNDA:0,(anonymous_35)
FNDA:0,(anonymous_36)
FNDA:0,(anonymous_37)
FNDA:0,(anonymous_38)
FNDA:0,(anonymous_39)
FNDA:0,(anonymous_40)
FNDA:0,(anonymous_41)
FNDA:0,(anonymous_42)
FNDA:0,(anonymous_43)
DA:1,1
DA:2,1
DA:5,1
DA:21,1
DA:58,1
DA:60,1
DA:67,9
DA:80,9
DA:87,1
DA:88,1
DA:89,1
DA:96,1
DA:98,3
DA:99,3
DA:100,1
DA:106,1
DA:107,1
DA:108,2
DA:116,0
DA:122,0
DA:123,0
DA:124,0
DA:135,0
DA:141,0
DA:142,0
DA:143,0
DA:154,2
DA:168,2
DA:169,2
DA:170,2
DA:172,2
DA:181,2
DA:182,2
DA:193,0
DA:194,0
DA:195,0
DA:198,0
DA:203,0
DA:213,2
DA:214,2
DA:216,2
DA:217,0
DA:218,0
DA:221,2
DA:222,2
DA:229,0
DA:239,0
DA:240,0
DA:241,0
DA:252,0
DA:253,0
DA:257,0
DA:266,0
DA:267,0
DA:268,0
DA:271,0
DA:272,0
DA:285,0
DA:287,0
DA:292,0
DA:297,0
DA:302,0
DA:311,0
DA:312,0
DA:313,0
DA:314,0
DA:318,0
DA:319,0
DA:320,0
DA:322,0
DA:327,0
DA:334,0
DA:335,0
DA:343,0
DA:344,0
DA:351,0
DA:352,0
DA:357,1
DA:358,1
DA:360,15
DA:361,1
DA:363,15
DA:369,9
DA:373,0
DA:377,1
DA:381,1
DA:385,0
DA:389,0
DA:393,2
DA:397,0
DA:401,2
DA:405,0
DA:409,0
DA:413,0
DA:417,0
DA:421,0
DA:424,0
DA:427,0
DA:430,0
DA:433,0
DA:436,0
LF:101
LH:40
BRDA:70,0,0,9
BRDA:70,0,1,8
BRDA:72,1,0,9
BRDA:72,1,1,8
BRDA:96,2,0,0
BRDA:96,2,1,1
BRDA:115,3,0,0
BRDA:133,4,0,0
BRDA:152,5,0,2
BRDA:194,6,0,0
BRDA:194,6,1,0
BRDA:216,7,0,0
BRDA:216,7,1,2
BRDA:228,8,0,0
BRDA:249,9,0,0
BRDA:250,10,0,0
BRDA:312,11,0,0
BRDA:312,11,1,0
BRDA:319,12,0,0
BRDA:319,12,1,0
BRDA:328,13,0,0
BRDA:328,13,1,0
BRDA:329,14,0,0
BRDA:329,14,1,0
BRDA:360,15,0,1
BRDA:360,15,1,14
BRF:26
BRH:9
end_of_record
TN:
SF:src/models/BaseModel.ts
FN:18,(anonymous_0)
FN:27,(anonymous_1)
FN:34,(anonymous_2)
FN:46,(anonymous_3)
FN:70,(anonymous_4)
FN:99,(anonymous_5)
FN:118,(anonymous_6)
FN:137,(anonymous_7)
FN:151,(anonymous_8)
FN:162,(anonymous_9)
FN:182,(anonymous_10)
FN:193,(anonymous_11)
FN:205,(anonymous_12)
FN:228,(anonymous_13)
FN:248,(anonymous_14)
FN:255,(anonymous_15)
FN:272,(anonymous_16)
FN:289,(anonymous_17)
FN:305,(anonymous_18)
FNF:19
FNH:10
FNDA:5,(anonymous_0)
FNDA:33,(anonymous_1)
FNDA:33,(anonymous_2)
FNDA:36,(anonymous_3)
FNDA:18,(anonymous_4)
FNDA:33,(anonymous_5)
FNDA:265,(anonymous_6)
FNDA:8,(anonymous_7)
FNDA:0,(anonymous_8)
FNDA:0,(anonymous_9)
FNDA:0,(anonymous_10)
FNDA:3,(anonymous_11)
FNDA:6,(anonymous_12)
FNDA:0,(anonymous_13)
FNDA:0,(anonymous_14)
FNDA:0,(anonymous_15)
FNDA:0,(anonymous_16)
FNDA:0,(anonymous_17)
FNDA:0,(anonymous_18)
DA:2,6
DA:3,6
DA:12,6
DA:16,5
DA:19,5
DA:20,5
DA:21,5
DA:28,33
DA:35,33
DA:36,33
DA:38,0
DA:39,0
DA:47,36
DA:49,36
DA:50,287
DA:52,271
DA:57,35
DA:59,236
DA:64,36
DA:71,18
DA:73,17
DA:78,17
DA:79,157
DA:85,17
DA:86,17
DA:93,17
DA:102,33
DA:103,33
DA:104,33
DA:106,33
DA:113,33
DA:114,33
DA:116,33
DA:117,33
DA:118,265
DA:120,33
DA:122,33
DA:124,33
DA:126,33
DA:127,33
DA:129,0
DA:130,0
DA:138,8
DA:139,8
DA:140,8
DA:141,8
DA:143,0
DA:144,0
DA:156,0
DA:157,0
DA:158,0
DA:160,0
DA:161,0
DA:162,0
DA:164,0
DA:165,0
DA:168,0
DA:170,0
DA:171,0
DA:172,0
DA:175,0
DA:176,0
DA:177,0
DA:180,0
DA:181,0
DA:182,0
DA:185,0
DA:186,0
DA:197,3
DA:198,3
DA:203,3
DA:204,3
DA:205,6
DA:207,3
DA:209,3
DA:211,3
DA:213,3
DA:214,0
DA:217,3
DA:218,3
DA:220,0
DA:221,0
DA:229,0
DA:230,0
DA:231,0
DA:233,0
DA:234,0
DA:235,0
DA:238,0
DA:240,0
DA:241,0
DA:249,0
DA:250,0
DA:251,0
DA:253,0
DA:254,0
DA:255,0
DA:257,0
DA:258,0
DA:261,0
DA:262,0
DA:264,0
DA:265,0
DA:273,0
DA:274,0
DA:275,0
DA:276,0
DA:278,0
DA:282,0
DA:293,0
DA:294,0
DA:295,0
DA:297,0
DA:298,0
DA:309,0
DA:310,0
DA:311,0
DA:313,0
DA:317,0
LF:119
LH:53
BRDA:50,0,0,271
BRDA:50,0,1,16
BRDA:52,1,0,35
BRDA:52,1,1,236
BRDA:53,2,0,271
BRDA:53,2,1,35
BRDA:53,2,2,35
BRDA:71,3,0,1
BRDA:71,3,1,17
BRDA:79,4,0,17
BRDA:79,4,1,140
BRDA:80,5,0,157
BRDA:80,5,1,116
BRDA:80,5,2,107
BRDA:80,5,3,102
BRDA:160,6,0,0
BRDA:160,6,1,0
BRDA:160,7,0,0
BRDA:160,7,1,0
BRDA:170,8,0,0
BRDA:170,8,1,0
BRDA:175,9,0,0
BRDA:175,9,1,0
BRDA:213,10,0,0
BRDA:213,10,1,3
BRDA:233,11,0,0
BRDA:233,11,1,0
BRDA:234,12,0,0
BRDA:234,12,1,0
BRDA:253,13,0,0
BRDA:253,13,1,0
BRDA:253,14,0,0
BRDA:253,14,1,0
BRDA:262,15,0,0
BRDA:262,15,1,0
BRDA:291,16,0,0
BRDA:307,17,0,0
BRDA:311,18,0,0
BRDA:311,18,1,0
BRF:39
BRH:16
end_of_record
TN:
SF:src/models/Dashboard.ts
FN:76,(anonymous_0)
FN:83,(anonymous_1)
FN:102,(anonymous_2)
FN:117,(anonymous_3)
FN:124,(anonymous_4)
FN:128,(anonymous_5)
FN:135,(anonymous_6)
FN:148,(anonymous_7)
FN:159,(anonymous_8)
FN:187,(anonymous_9)
FN:203,(anonymous_10)
FN:213,(anonymous_11)
FN:269,(anonymous_12)
FN:296,(anonymous_13)
FN:303,(anonymous_14)
FN:329,(anonymous_15)
FN:336,(anonymous_16)
FN:340,(anonymous_17)
FN:344,(anonymous_18)
FN:348,(anonymous_19)
FN:352,(anonymous_20)
FN:356,(anonymous_21)
FN:360,(anonymous_22)
FN:364,(anonymous_23)
FN:368,(anonymous_24)
FN:372,(anonymous_25)
FN:376,(anonymous_26)
FN:380,(anonymous_27)
FN:384,(anonymous_28)
FN:388,(anonymous_29)
FN:392,(anonymous_30)
FNF:31
FNH:12
FNDA:2,(anonymous_0)
FNDA:9,(anonymous_1)
FNDA:3,(anonymous_2)
FNDA:2,(anonymous_3)
FNDA:0,(anonymous_4)
FNDA:0,(anonymous_5)
FNDA:0,(anonymous_6)
FNDA:0,(anonymous_7)
FNDA:1,(anonymous_8)
FNDA:1,(anonymous_9)
FNDA:0,(anonymous_10)
FNDA:0,(anonymous_11)
FNDA:0,(anonymous_12)
FNDA:0,(anonymous_13)
FNDA:0,(anonymous_14)
FNDA:16,(anonymous_15)
FNDA:9,(anonymous_16)
FNDA:2,(anonymous_17)
FNDA:3,(anonymous_18)
FNDA:0,(anonymous_19)
FNDA:0,(anonymous_20)
FNDA:1,(anonymous_21)
FNDA:1,(anonymous_22)
FNDA:0,(anonymous_23)
FNDA:0,(anonymous_24)
FNDA:0,(anonymous_25)
FNDA:0,(anonymous_26)
FNDA:0,(anonymous_27)
FNDA:0,(anonymous_28)
FNDA:0,(anonymous_29)
FNDA:0,(anonymous_30)
DA:1,6
DA:2,6
DA:6,6
DA:43,6
DA:75,6
DA:77,2
DA:84,9
DA:96,9
DA:106,3
DA:107,3
DA:109,3
DA:110,0
DA:113,3
DA:115,3
DA:116,3
DA:117,2
DA:125,0
DA:126,0
DA:127,0
DA:128,0
DA:139,0
DA:140,0
DA:146,0
DA:147,0
DA:148,0
DA:151,0
DA:152,0
DA:164,1
DA:166,1
DA:168,1
DA:174,1
DA:176,1
DA:177,1
DA:179,0
DA:180,0
DA:190,1
DA:191,1
DA:192,1
DA:196,0
DA:201,0
DA:203,0
DA:218,0
DA:219,0
DA:220,0
DA:224,0
DA:226,0
DA:228,0
DA:238,0
DA:239,0
DA:258,0
DA:259,0
DA:261,0
DA:262,0
DA:275,0
DA:276,0
DA:278,0
DA:279,0
DA:280,0
DA:282,0
DA:283,0
DA:286,0
DA:287,0
DA:288,0
DA:291,0
DA:292,0
DA:294,0
DA:295,0
DA:296,0
DA:308,0
DA:309,0
DA:310,0
DA:313,0
DA:318,0
DA:327,6
DA:328,6
DA:330,16
DA:331,2
DA:333,16
DA:339,9
DA:343,2
DA:347,3
DA:351,0
DA:355,0
DA:359,1
DA:363,1
DA:367,0
DA:371,0
DA:375,0
DA:379,0
DA:383,0
DA:387,0
DA:391,0
DA:395,0
LF:93
LH:34
BRDA:87,0,0,9
BRDA:87,0,1,7
BRDA:88,1,0,9
BRDA:88,1,1,9
BRDA:104,2,0,2
BRDA:109,3,0,0
BRDA:109,3,1,3
BRDA:136,4,0,0
BRDA:137,5,0,0
BRDA:191,6,0,1
BRDA:191,6,1,0
BRDA:205,7,0,0
BRDA:205,7,1,0
BRDA:219,8,0,0
BRDA:219,8,1,0
BRDA:229,9,0,0
BRDA:229,9,1,0
BRDA:230,10,0,0
BRDA:230,10,1,0
BRDA:272,11,0,0
BRDA:273,12,0,0
BRDA:278,13,0,0
BRDA:278,13,1,0
BRDA:282,14,0,0
BRDA:282,14,1,0
BRDA:287,15,0,0
BRDA:287,15,1,0
BRDA:309,16,0,0
BRDA:309,16,1,0
BRDA:319,17,0,0
BRDA:319,17,1,0
BRDA:330,18,0,2
BRDA:330,18,1,14
BRF:33
BRH:9
end_of_record
TN:
SF:src/models/ShareToken.ts
FN:38,(anonymous_0)
FN:45,(anonymous_1)
FN:52,(anonymous_2)
FN:72,(anonymous_3)
FN:86,(anonymous_4)
FN:91,(anonymous_5)
FN:98,(anonymous_6)
FN:103,(anonymous_7)
FN:110,(anonymous_8)
FN:155,(anonymous_9)
FN:162,(anonymous_10)
FN:170,(anonymous_11)
FN:188,(anonymous_12)
FN:224,(anonymous_13)
FN:231,(anonymous_14)
FN:235,(anonymous_15)
FN:239,(anonymous_16)
FN:243,(anonymous_17)
FN:247,(anonymous_18)
FN:251,(anonymous_19)
FN:255,(anonymous_20)
FN:259,(anonymous_21)
FN:263,(anonymous_22)
FN:267,(anonymous_23)
FN:271,(anonymous_24)
FN:275,(anonymous_25)
FN:279,(anonymous_26)
FN:283,(anonymous_27)
FN:287,(anonymous_28)
FNF:29
FNH:0
FNDA:0,(anonymous_0)
FNDA:0,(anonymous_1)
FNDA:0,(anonymous_2)
FNDA:0,(anonymous_3)
FNDA:0,(anonymous_4)
FNDA:0,(anonymous_5)
FNDA:0,(anonymous_6)
FNDA:0,(anonymous_7)
FNDA:0,(anonymous_8)
FNDA:0,(anonymous_9)
FNDA:0,(anonymous_10)
FNDA:0,(anonymous_11)
FNDA:0,(anonymous_12)
FNDA:0,(anonymous_13)
FNDA:0,(anonymous_14)
FNDA:0,(anonymous_15)
FNDA:0,(anonymous_16)
FNDA:0,(anonymous_17)
FNDA:0,(anonymous_18)
FNDA:0,(anonymous_19)
FNDA:0,(anonymous_20)
FNDA:0,(anonymous_21)
FNDA:0,(anonymous_22)
FNDA:0,(anonymous_23)
FNDA:0,(anonymous_24)
FNDA:0,(anonymous_25)
FNDA:0,(anonymous_26)
FNDA:0,(anonymous_27)
FNDA:0,(anonymous_28)
DA:1,5
DA:2,5
DA:3,5
DA:6,5
DA:37,5
DA:39,0
DA:46,0
DA:55,0
DA:66,0
DA:73,0
DA:74,0
DA:76,0
DA:77,0
DA:80,0
DA:87,0
DA:88,0
DA:90,0
DA:91,0
DA:99,0
DA:100,0
DA:102,0
DA:103,0
DA:113,0
DA:115,0
DA:116,0
DA:120,0
DA:121,0
DA:125,0
DA:126,0
DA:127,0
DA:129,0
DA:130,0
DA:135,0
DA:140,0
DA:141,0
DA:145,0
DA:149,0
DA:156,0
DA:163,0
DA:164,0
DA:171,0
DA:179,0
DA:180,0
DA:182,0
DA:194,0
DA:195,0
DA:196,0
DA:197,0
DA:205,0
DA:212,0
DA:222,5
DA:223,5
DA:225,0
DA:226,0
DA:228,0
DA:234,0
DA:238,0
DA:242,0
DA:246,0
DA:250,0
DA:254,0
DA:258,0
DA:262,0
DA:266,0
DA:270,0
DA:274,0
DA:278,0
DA:282,0
DA:286,0
DA:290,0
LF:70
LH:7
BRDA:59,0,0,0
BRDA:59,0,1,0
BRDA:60,1,0,0
BRDA:60,1,1,0
BRDA:63,2,0,0
BRDA:63,2,1,0
BRDA:76,3,0,0
BRDA:76,3,1,0
BRDA:115,4,0,0
BRDA:115,4,1,0
BRDA:120,5,0,0
BRDA:120,5,1,0
BRDA:125,6,0,0
BRDA:125,6,1,0
BRDA:127,7,0,0
BRDA:127,7,1,0
BRDA:135,8,0,0
BRDA:135,8,1,0
BRDA:136,9,0,0
BRDA:136,9,1,0
BRDA:182,10,0,0
BRDA:182,10,1,0
BRDA:213,11,0,0
BRDA:213,11,1,0
BRDA:214,12,0,0
BRDA:214,12,1,0
BRDA:215,13,0,0
BRDA:215,13,1,0
BRDA:216,14,0,0
BRDA:216,14,1,0
BRDA:225,15,0,0
BRDA:225,15,1,0
BRF:32
BRH:0
end_of_record
TN:
SF:src/models/User.ts
FN:74,(anonymous_0)
FN:81,(anonymous_1)
FN:97,(anonymous_2)
FN:106,(anonymous_3)
FN:115,(anonymous_4)
FN:135,(anonymous_5)
FN:154,(anonymous_6)
FN:173,(anonymous_7)
FN:204,(anonymous_8)
FN:220,(anonymous_9)
FN:228,(anonymous_10)
FN:235,(anonymous_11)
FN:239,(anonymous_12)
FN:242,(anonymous_13)
FN:246,(anonymous_14)
FN:250,(anonymous_15)
FN:254,(anonymous_16)
FN:258,(anonymous_17)
FN:262,(anonymous_18)
FN:266,(anonymous_19)
FN:270,(anonymous_20)
FN:273,(anonymous_21)
FN:276,(anonymous_22)
FN:279,(anonymous_23)
FN:282,(anonymous_24)
FNF:25
FNH:10
FNDA:1,(anonymous_0)
FNDA:11,(anonymous_1)
FNDA:1,(anonymous_2)
FNDA:0,(anonymous_3)
FNDA:1,(anonymous_4)
FNDA:2,(anonymous_5)
FNDA:0,(anonymous_6)
FNDA:0,(anonymous_7)
FNDA:0,(anonymous_8)
FNDA:0,(anonymous_9)
FNDA:15,(anonymous_10)
FNDA:11,(anonymous_11)
FNDA:0,(anonymous_12)
FNDA:1,(anonymous_13)
FNDA:0,(anonymous_14)
FNDA:1,(anonymous_15)
FNDA:2,(anonymous_16)
FNDA:0,(anonymous_17)
FNDA:0,(anonymous_18)
FNDA:0,(anonymous_19)
FNDA:0,(anonymous_20)
FNDA:0,(anonymous_21)
FNDA:0,(anonymous_22)
FNDA:0,(anonymous_23)
FNDA:0,(anonymous_24)
DA:1,1
DA:2,1
DA:5,1
DA:49,1
DA:73,1
DA:75,1
DA:82,11
DA:91,11
DA:98,1
DA:99,1
DA:100,1
DA:107,0
DA:108,0
DA:109,0
DA:119,1
DA:120,1
DA:121,0
DA:124,1
DA:129,1
DA:139,2
DA:140,2
DA:142,2
DA:143,0
DA:144,0
DA:147,2
DA:148,2
DA:158,0
DA:159,0
DA:161,0
DA:162,0
DA:163,0
DA:166,0
DA:167,0
DA:178,0
DA:179,0
DA:180,0
DA:184,0
DA:190,0
DA:195,0
DA:205,0
DA:212,0
DA:213,0
DA:219,0
DA:220,0
DA:226,1
DA:227,1
DA:229,15
DA:230,1
DA:232,15
DA:238,11
DA:241,0
DA:245,1
DA:249,0
DA:253,1
DA:257,2
DA:261,0
DA:265,0
DA:269,0
DA:272,0
DA:275,0
DA:278,0
DA:281,0
DA:284,0
LF:63
LH:29
BRDA:120,0,0,0
BRDA:120,0,1,1
BRDA:142,1,0,0
BRDA:142,1,1,2
BRDA:161,2,0,0
BRDA:161,2,1,0
BRDA:179,3,0,0
BRDA:179,3,1,0
BRDA:196,4,0,0
BRDA:196,4,1,0
BRDA:197,5,0,0
BRDA:197,5,1,0
BRDA:204,6,0,0
BRDA:229,7,0,1
BRDA:229,7,1,14
BRF:15
BRH:4
end_of_record
TN:
SF:src/models/UserPermission.ts
FN:35,(anonymous_0)
FN:42,(anonymous_1)
FN:61,(anonymous_2)
FN:70,(anonymous_3)
FN:77,(anonymous_4)
FN:86,(anonymous_5)
FN:93,(anonymous_6)
FN:113,(anonymous_7)
FN:145,(anonymous_8)
FN:170,(anonymous_9)
FN:187,(anonymous_10)
FN:199,(anonymous_11)
FN:217,(anonymous_12)
FN:279,(anonymous_13)
FN:296,(anonymous_14)
FN:308,(anonymous_15)
FN:315,(anonymous_16)
FN:319,(anonymous_17)
FN:323,(anonymous_18)
FN:327,(anonymous_19)
FN:331,(anonymous_20)
FN:335,(anonymous_21)
FN:339,(anonymous_22)
FN:343,(anonymous_23)
FN:347,(anonymous_24)
FN:351,(anonymous_25)
FN:355,(anonymous_26)
FN:359,(anonymous_27)
FN:363,(anonymous_28)
FN:367,(anonymous_29)
FN:371,(anonymous_30)
FN:375,(anonymous_31)
FN:379,(anonymous_32)
FNF:33
FNH:0
FNDA:0,(anonymous_0)
FNDA:0,(anonymous_1)
FNDA:0,(anonymous_2)
FNDA:0,(anonymous_3)
FNDA:0,(anonymous_4)
FNDA:0,(anonymous_5)
FNDA:0,(anonymous_6)
FNDA:0,(anonymous_7)
FNDA:0,(anonymous_8)
FNDA:0,(anonymous_9)
FNDA:0,(anonymous_10)
FNDA:0,(anonymous_11)
FNDA:0,(anonymous_12)
FNDA:0,(anonymous_13)
FNDA:0,(anonymous_14)
FNDA:0,(anonymous_15)
FNDA:0,(anonymous_16)
FNDA:0,(anonymous_17)
FNDA:0,(anonymous_18)
FNDA:0,(anonymous_19)
FNDA:0,(anonymous_20)
FNDA:0,(anonymous_21)
FNDA:0,(anonymous_22)
FNDA:0,(anonymous_23)
FNDA:0,(anonymous_24)
FNDA:0,(anonymous_25)
FNDA:0,(anonymous_26)
FNDA:0,(anonymous_27)
FNDA:0,(anonymous_28)
FNDA:0,(anonymous_29)
FNDA:0,(anonymous_30)
FNDA:0,(anonymous_31)
FNDA:0,(anonymous_32)
DA:1,5
DA:2,5
DA:5,5
DA:34,5
DA:36,0
DA:45,0
DA:55,0
DA:62,0
DA:67,0
DA:69,0
DA:70,0
DA:78,0
DA:83,0
DA:85,0
DA:86,0
DA:97,0
DA:101,0
DA:103,0
DA:104,0
DA:107,0
DA:118,0
DA:120,0
DA:121,0
DA:125,0
DA:126,0
DA:127,0
DA:129,0
DA:130,0
DA:135,0
DA:136,0
DA:137,0
DA:139,0
DA:149,0
DA:154,0
DA:156,0
DA:163,0
DA:174,0
DA:176,0
DA:177,0
DA:180,0
DA:181,0
DA:188,0
DA:193,0
DA:200,0
DA:208,0
DA:209,0
DA:211,0
DA:224,0
DA:230,0
DA:236,0
DA:242,0
DA:248,0
DA:257,0
DA:259,0
DA:267,0
DA:287,0
DA:294,0
DA:296,0
DA:306,5
DA:307,5
DA:309,0
DA:310,0
DA:312,0
DA:318,0
DA:322,0
DA:326,0
DA:330,0
DA:334,0
DA:338,0
DA:342,0
DA:346,0
DA:350,0
DA:354,0
DA:358,0
DA:362,0
DA:366,0
DA:370,0
DA:374,0
DA:378,0
DA:382,0
LF:80
LH:6
BRDA:51,0,0,0
BRDA:51,0,1,0
BRDA:103,1,0,0
BRDA:103,1,1,0
BRDA:120,2,0,0
BRDA:120,2,1,0
BRDA:125,3,0,0
BRDA:125,3,1,0
BRDA:127,4,0,0
BRDA:127,4,1,0
BRDA:154,5,0,0
BRDA:154,5,1,0
BRDA:158,6,0,0
BRDA:158,6,1,0
BRDA:176,7,0,0
BRDA:176,7,1,0
BRDA:211,8,0,0
BRDA:211,8,1,0
BRDA:268,9,0,0
BRDA:268,9,1,0
BRDA:269,10,0,0
BRDA:269,10,1,0
BRDA:270,11,0,0
BRDA:270,11,1,0
BRDA:271,12,0,0
BRDA:271,12,1,0
BRDA:272,13,0,0
BRDA:272,13,1,0
BRDA:309,14,0,0
BRDA:309,14,1,0
BRF:30
BRH:0
end_of_record
TN:
SF:src/models/Widget.ts
FN:92,(anonymous_0)
FN:99,(anonymous_1)
FN:117,(anonymous_2)
FN:125,(anonymous_3)
FN:132,(anonymous_4)
FN:148,(anonymous_5)
FN:155,(anonymous_6)
FN:170,(anonymous_7)
FN:190,(anonymous_8)
FN:228,(anonymous_9)
FN:253,(anonymous_10)
FN:275,(anonymous_11)
FN:305,(anonymous_12)
FN:331,(anonymous_13)
FN:347,(anonymous_14)
FN:354,(anonymous_15)
FN:358,(anonymous_16)
FN:362,(anonymous_17)
FN:366,(anonymous_18)
FN:370,(anonymous_19)
FN:374,(anonymous_20)
FN:378,(anonymous_21)
FN:382,(anonymous_22)
FN:386,(anonymous_23)
FN:390,(anonymous_24)
FN:394,(anonymous_25)
FN:398,(anonymous_26)
FN:401,(anonymous_27)
FN:404,(anonymous_28)
FN:407,(anonymous_29)
FNF:30
FNH:9
FNDA:1,(anonymous_0)
FNDA:4,(anonymous_1)
FNDA:1,(anonymous_2)
FNDA:2,(anonymous_3)
FNDA:0,(anonymous_4)
FNDA:0,(anonymous_5)
FNDA:0,(anonymous_6)
FNDA:1,(anonymous_7)
FNDA:0,(anonymous_8)
FNDA:0,(anonymous_9)
FNDA:0,(anonymous_10)
FNDA:0,(anonymous_11)
FNDA:0,(anonymous_12)
FNDA:0,(anonymous_13)
FNDA:6,(anonymous_14)
FNDA:4,(anonymous_15)
FNDA:0,(anonymous_16)
FNDA:1,(anonymous_17)
FNDA:0,(anonymous_18)
FNDA:0,(anonymous_19)
FNDA:1,(anonymous_20)
FNDA:0,(anonymous_21)
FNDA:0,(anonymous_22)
FNDA:0,(anonymous_23)
FNDA:0,(anonymous_24)
FNDA:0,(anonymous_25)
FNDA:0,(anonymous_26)
FNDA:0,(anonymous_27)
FNDA:0,(anonymous_28)
FNDA:0,(anonymous_29)
DA:1,1
DA:2,1
DA:5,1
DA:14,1
DA:23,1
DA:31,1
DA:39,1
DA:50,1
DA:91,1
DA:93,1
DA:100,4
DA:111,4
DA:118,1
DA:123,1
DA:124,1
DA:125,2
DA:136,0
DA:137,0
DA:139,0
DA:140,0
DA:141,0
DA:144,0
DA:146,0
DA:147,0
DA:148,0
DA:159,0
DA:174,1
DA:175,1
DA:176,0
DA:179,1
DA:184,1
DA:199,0
DA:200,0
DA:202,0
DA:203,0
DA:218,0
DA:220,0
DA:221,0
DA:233,0
DA:236,0
DA:237,0
DA:240,0
DA:241,0
DA:242,0
DA:243,0
DA:248,0
DA:249,0
DA:250,0
DA:253,0
DA:254,0
DA:262,0
DA:263,0
DA:269,0
DA:279,0
DA:280,0
DA:281,0
DA:284,0
DA:290,0
DA:311,0
DA:316,0
DA:321,0
DA:329,0
DA:330,0
DA:331,0
DA:332,0
DA:336,0
DA:345,1
DA:346,1
DA:348,6
DA:349,1
DA:351,6
DA:357,4
DA:361,0
DA:365,1
DA:369,0
DA:373,0
DA:377,1
DA:381,0
DA:385,0
DA:389,0
DA:393,0
DA:397,0
DA:400,0
DA:403,0
DA:406,0
DA:409,0
LF:86
LH:28
BRDA:104,0,0,4
BRDA:104,0,1,2
BRDA:105,1,0,4
BRDA:105,1,1,4
BRDA:106,2,0,4
BRDA:106,2,1,4
BRDA:107,3,0,4
BRDA:107,3,1,3
BRDA:108,4,0,4
BRDA:108,4,1,3
BRDA:139,5,0,0
BRDA:139,5,1,0
BRDA:175,6,0,0
BRDA:175,6,1,1
BRDA:230,7,0,0
BRDA:231,8,0,0
BRDA:242,9,0,0
BRDA:242,9,1,0
BRDA:255,10,0,0
BRDA:255,10,1,0
BRDA:255,10,2,0
BRDA:255,10,3,0
BRDA:262,11,0,0
BRDA:262,11,1,0
BRDA:280,12,0,0
BRDA:280,12,1,0
BRDA:330,13,0,0
BRDA:330,13,1,0
BRDA:337,14,0,0
BRDA:337,14,1,0
BRDA:339,15,0,0
BRDA:339,15,1,0
BRDA:348,16,0,1
BRDA:348,16,1,5
BRF:34
BRH:13
end_of_record
TN:
SF:src/routes/assets.ts
FNF:0
FNH:0
DA:1,5
DA:2,5
DA:3,5
DA:4,5
DA:5,5
DA:7,5
DA:10,5
DA:14,5
DA:22,5
DA:62,5
DA:65,5
DA:73,5
DA:81,5
DA:92,5
DA:100,5
DA:103,5
DA:111,5
LF:17
LH:17
BRF:0
BRH:0
end_of_record
TN:
SF:src/routes/cache.ts
FNF:0
FNH:0
DA:1,6
DA:2,6
DA:19,6
DA:26,6
DA:33,6
DA:41,6
DA:49,6
DA:57,6
DA:64,6
DA:72,6
DA:79,6
DA:86,6
DA:93,6
DA:100,6
DA:107,6
DA:115,6
DA:122,6
DA:124,6
LF:18
LH:18
BRF:0
BRH:0
end_of_record
TN:
SF:src/routes/dashboards.ts
FNF:0
FNH:0
DA:1,5
DA:2,5
DA:3,5
DA:4,5
DA:5,5
DA:7,5
DA:10,5
DA:14,5
DA:23,5
DA:26,5
DA:29,5
DA:32,5
DA:40,5
DA:43,5
DA:51,5
DA:59,5
DA:71,5
DA:79,5
DA:87,5
DA:101,5
DA:109,5
DA:117,5
DA:130,5
DA:137,5
LF:24
LH:24
BRF:0
BRH:0
end_of_record
TN:
SF:src/routes/health.ts
FNF:0
FNH:0
DA:1,5
DA:2,5
DA:14,5
DA:21,5
DA:29,5
DA:36,5
DA:44,5
DA:51,5
DA:58,5
DA:65,5
DA:73,5
DA:80,5
DA:82,5
LF:13
LH:13
BRF:0
BRH:0
end_of_record
TN:
SF:src/routes/logging.ts
FNF:0
FNH:0
DA:1,5
DA:2,5
DA:12,5
DA:19,5
DA:33,5
DA:40,5
DA:54,5
DA:61,5
DA:69,5
DA:77,5
DA:79,5
LF:11
LH:11
BRF:0
BRH:0
end_of_record
TN:
SF:src/routes/news.ts
FNF:0
FNH:0
DA:1,5
DA:2,5
DA:3,5
DA:4,5
DA:5,5
DA:7,5
DA:10,5
DA:32,5
DA:36,5
DA:44,5
DA:54,5
DA:62,5
DA:70,5
DA:78,5
DA:89,5
DA:92,5
DA:100,5
LF:17
LH:17
BRF:0
BRH:0
end_of_record
TN:
SF:src/routes/shared.ts
FNF:0
FNH:0
DA:1,5
DA:2,5
DA:3,5
DA:4,5
DA:6,5
DA:9,5
DA:18,5
DA:24,5
LF:8
LH:8
BRF:0
BRH:0
end_of_record
TN:
SF:src/routes/system.ts
FNF:0
FNH:0
DA:1,5
DA:2,5
DA:4,5
DA:11,5
DA:18,5
DA:25,5
DA:27,5
LF:7
LH:7
BRF:0
BRH:0
end_of_record
TN:
SF:src/services/ApiCacheService.ts
FN:41,(anonymous_0)
FN:57,(anonymous_1)
FN:94,(anonymous_2)
FN:148,(anonymous_3)
FN:192,(anonymous_4)
FN:217,(anonymous_5)
FN:264,(anonymous_6)
FN:286,(anonymous_7)
FN:316,(anonymous_8)
FN:331,(anonymous_9)
FN:332,(anonymous_10)
FN:344,(anonymous_11)
FN:351,(anonymous_12)
FN:368,(anonymous_13)
FN:397,(anonymous_14)
FN:404,(anonymous_15)
FN:411,(anonymous_16)
FN:422,(anonymous_17)
FNF:18
FNH:16
FNDA:33,(anonymous_0)
FNDA:3,(anonymous_1)
FNDA:3,(anonymous_2)
FNDA:4,(anonymous_3)
FNDA:1,(anonymous_4)
FNDA:1,(anonymous_5)
FNDA:1,(anonymous_6)
FNDA:0,(anonymous_7)
FNDA:1,(anonymous_8)
FNDA:21,(anonymous_9)
FNDA:0,(anonymous_10)
FNDA:2,(anonymous_11)
FNDA:1,(anonymous_12)
FNDA:1,(anonymous_13)
FNDA:13,(anonymous_14)
FNDA:2,(anonymous_15)
FNDA:4,(anonymous_16)
FNDA:3,(anonymous_17)
DA:7,22
DA:8,22
DA:36,22
DA:39,33
DA:42,33
DA:43,33
DA:63,3
DA:65,3
DA:67,3
DA:68,3
DA:69,1
DA:73,2
DA:76,2
DA:78,2
DA:80,0
DA:87,0
DA:95,3
DA:97,3
DA:98,3
DA:100,3
DA:101,1
DA:102,1
DA:104,1
DA:105,0
DA:108,1
DA:112,2
DA:113,1
DA:114,1
DA:115,1
DA:117,1
DA:118,0
DA:121,1
DA:124,1
DA:125,1
DA:127,1
DA:128,0
DA:131,1
DA:133,0
DA:139,0
DA:140,0
DA:141,0
DA:154,4
DA:155,4
DA:157,4
DA:158,4
DA:167,4
DA:169,4
DA:170,4
DA:171,4
DA:173,4
DA:180,0
DA:185,0
DA:193,1
DA:195,1
DA:196,1
DA:197,1
DA:198,1
DA:200,1
DA:205,0
DA:210,0
DA:218,1
DA:219,1
DA:221,1
DA:222,1
DA:225,1
DA:241,1
DA:242,1
DA:244,1
DA:250,1
DA:252,0
DA:257,0
DA:269,1
DA:271,1
DA:273,1
DA:274,1
DA:275,0
DA:279,1
DA:280,1
DA:283,1
DA:284,1
DA:286,1
DA:287,0
DA:288,0
DA:290,0
DA:297,1
DA:300,1
DA:305,0
DA:309,0
DA:317,1
DA:318,1
DA:320,1
DA:321,0
DA:322,0
DA:324,0
DA:332,21
DA:333,0
DA:334,0
DA:337,21
DA:338,21
DA:345,2
DA:352,1
DA:362,1
DA:375,1
DA:376,1
DA:378,1
DA:379,1
DA:381,1
DA:382,1
DA:385,1
DA:398,13
DA:405,2
DA:412,4
DA:413,4
DA:415,0
DA:423,3
DA:424,3
LF:116
LH:89
BRDA:60,0,0,3
BRDA:68,1,0,1
BRDA:68,1,1,2
BRDA:83,2,0,0
BRDA:83,2,1,0
BRDA:100,3,0,1
BRDA:100,3,1,2
BRDA:104,4,0,0
BRDA:104,4,1,1
BRDA:112,5,0,1
BRDA:112,5,1,1
BRDA:117,6,0,0
BRDA:117,6,1,1
BRDA:127,7,0,0
BRDA:127,7,1,1
BRDA:136,8,0,0
BRDA:136,8,1,0
BRDA:151,9,0,0
BRDA:155,10,0,4
BRDA:155,10,1,2
BRDA:162,11,0,4
BRDA:162,11,1,3
BRDA:163,12,0,4
BRDA:163,12,1,4
BRDA:183,13,0,0
BRDA:183,13,1,0
BRDA:208,14,0,0
BRDA:208,14,1,0
BRDA:221,15,0,1
BRDA:221,15,1,0
BRDA:225,16,0,0
BRDA:225,16,1,1
BRDA:225,17,0,1
BRDA:225,17,1,0
BRDA:255,18,0,0
BRDA:255,18,1,0
BRDA:267,19,0,0
BRDA:274,20,0,0
BRDA:274,20,1,1
BRDA:283,21,0,1
BRDA:283,21,1,0
BRDA:283,22,0,1
BRDA:283,22,1,1
BRDA:292,23,0,0
BRDA:292,23,1,0
BRDA:307,24,0,0
BRDA:307,24,1,0
BRDA:320,25,0,0
BRDA:320,25,1,1
BRDA:378,26,0,1
BRDA:378,26,1,0
BRDA:381,27,0,1
BRDA:381,27,1,0
BRDA:424,28,0,3
BRDA:424,28,1,0
BRF:55
BRH:27
end_of_record
TN:
SF:src/services/CacheMonitoringService.ts
FN:76,(anonymous_0)
FN:91,(anonymous_1)
FN:92,(anonymous_2)
FN:110,(anonymous_3)
FN:148,(anonymous_4)
FN:207,(anonymous_5)
FN:245,(anonymous_6)
FN:267,(anonymous_7)
FN:289,(anonymous_8)
FN:295,(anonymous_9)
FN:314,(anonymous_10)
FN:337,(anonymous_11)
FN:345,(anonymous_12)
FN:356,(anonymous_13)
FN:366,(anonymous_14)
FN:376,(anonymous_15)
FN:442,(anonymous_16)
FN:462,(anonymous_17)
FN:476,(anonymous_18)
FN:485,(anonymous_19)
FN:488,(anonymous_20)
FN:491,(anonymous_21)
FN:495,(anonymous_22)
FN:503,(anonymous_23)
FNF:24
FNH:10
FNDA:23,(anonymous_0)
FNDA:22,(anonymous_1)
FNDA:0,(anonymous_2)
FNDA:0,(anonymous_3)
FNDA:0,(anonymous_4)
FNDA:0,(anonymous_5)
FNDA:0,(anonymous_6)
FNDA:0,(anonymous_7)
FNDA:0,(anonymous_8)
FNDA:0,(anonymous_9)
FNDA:21,(anonymous_10)
FNDA:12,(anonymous_11)
FNDA:15,(anonymous_12)
FNDA:8,(anonymous_13)
FNDA:0,(anonymous_14)
FNDA:12,(anonymous_15)
FNDA:12,(anonymous_16)
FNDA:2,(anonymous_17)
FNDA:0,(anonymous_18)
FNDA:0,(anonymous_19)
FNDA:0,(anonymous_20)
FNDA:0,(anonymous_21)
FNDA:0,(anonymous_22)
FNDA:19,(anonymous_23)
DA:6,6
DA:13,6
DA:60,6
DA:63,23
DA:64,23
DA:65,23
DA:74,23
DA:80,23
DA:81,23
DA:83,23
DA:84,22
DA:92,22
DA:93,0
DA:94,0
DA:95,0
DA:96,0
DA:98,0
DA:104,22
DA:111,0
DA:112,0
DA:113,0
DA:114,0
DA:116,0
DA:131,0
DA:133,0
DA:139,0
DA:149,0
DA:150,0
DA:153,0
DA:154,0
DA:155,0
DA:158,0
DA:161,0
DA:172,0
DA:183,0
DA:194,0
DA:195,0
DA:214,0
DA:216,0
DA:217,0
DA:219,0
DA:228,0
DA:229,0
DA:231,0
DA:233,0
DA:234,0
DA:235,0
DA:246,0
DA:247,0
DA:250,0
DA:251,0
DA:253,0
DA:254,0
DA:257,0
DA:261,0
DA:268,0
DA:281,0
DA:283,0
DA:291,0
DA:292,0
DA:294,0
DA:295,0
DA:299,0
DA:300,0
DA:301,0
DA:306,0
DA:315,21
DA:322,21
DA:323,15
DA:325,6
DA:328,21
DA:329,21
DA:331,21
DA:339,12
DA:344,12
DA:345,15
DA:356,8
DA:360,12
DA:362,12
DA:366,0
DA:379,12
DA:382,12
DA:416,12
DA:417,60
DA:418,60
DA:419,55
DA:423,45
DA:430,12
DA:432,0
DA:435,0
DA:443,12
DA:469,2
DA:470,2
DA:476,0
DA:481,0
DA:483,0
DA:485,0
DA:488,0
DA:491,0
DA:495,0
DA:504,19
DA:505,17
DA:506,17
DA:509,19
DA:510,19
DA:511,19
DA:513,19
LF:107
LH:44
BRDA:83,0,0,22
BRDA:83,0,1,1
BRDA:99,1,0,0
BRDA:99,1,1,0
BRDA:124,2,0,0
BRDA:124,2,1,0
BRDA:140,3,0,0
BRDA:140,3,1,0
BRDA:149,4,0,0
BRDA:149,4,1,0
BRDA:154,5,0,0
BRDA:154,5,1,0
BRDA:166,6,0,0
BRDA:166,6,1,0
BRDA:177,7,0,0
BRDA:177,7,1,0
BRDA:188,8,0,0
BRDA:188,8,1,0
BRDA:200,9,0,0
BRDA:200,9,1,0
BRDA:216,10,0,0
BRDA:216,10,1,0
BRDA:217,11,0,0
BRDA:217,11,1,0
BRDA:231,12,0,0
BRDA:231,12,1,0
BRDA:231,13,0,0
BRDA:231,13,1,0
BRDA:246,14,0,0
BRDA:246,14,1,0
BRDA:253,15,0,0
BRDA:253,15,1,0
BRDA:253,16,0,0
BRDA:253,16,1,0
BRDA:268,17,0,0
BRDA:268,17,1,0
BRDA:269,18,0,0
BRDA:269,18,1,0
BRDA:269,18,2,0
BRDA:269,18,3,0
BRDA:269,18,4,0
BRDA:269,18,5,0
BRDA:269,18,6,0
BRDA:269,18,7,0
BRDA:269,18,8,0
BRDA:269,18,9,0
BRDA:269,18,10,0
BRDA:301,19,0,0
BRDA:301,19,1,0
BRDA:302,20,0,0
BRDA:302,20,1,0
BRDA:302,20,2,0
BRDA:314,21,0,0
BRDA:315,22,0,21
BRDA:315,22,1,15
BRDA:322,23,0,15
BRDA:322,23,1,6
BRDA:339,24,0,0
BRDA:339,24,1,12
BRDA:340,25,0,0
BRDA:340,25,1,0
BRDA:350,26,0,15
BRDA:350,26,1,0
BRDA:425,27,0,45
BRDA:425,27,1,0
BRDA:433,28,0,0
BRDA:433,28,1,0
BRDA:469,29,0,2
BRDA:469,29,1,0
BRDA:504,30,0,17
BRDA:504,30,1,2
BRF:71
BRH:12
end_of_record
TN:
SF:src/services/CacheService.ts
FN:22,(anonymous_0)
FN:26,(anonymous_1)
FN:36,(anonymous_2)
FN:57,(anonymous_3)
FN:93,(anonymous_4)
FN:138,(anonymous_5)
FN:174,(anonymous_6)
FN:206,(anonymous_7)
FN:242,(anonymous_8)
FN:273,(anonymous_9)
FN:296,(anonymous_10)
FN:327,(anonymous_11)
FN:365,(anonymous_12)
FN:399,(anonymous_13)
FN:434,(anonymous_14)
FN:452,(anonymous_15)
FNF:16
FNH:14
FNDA:22,(anonymous_0)
FNDA:83,(anonymous_1)
FNDA:0,(anonymous_2)
FNDA:19,(anonymous_3)
FNDA:27,(anonymous_4)
FNDA:2,(anonymous_5)
FNDA:6,(anonymous_6)
FNDA:1,(anonymous_7)
FNDA:3,(anonymous_8)
FNDA:12,(anonymous_9)
FNDA:2,(anonymous_10)
FNDA:1,(anonymous_11)
FNDA:1,(anonymous_12)
FNDA:58,(anonymous_13)
FNDA:0,(anonymous_14)
FNDA:20,(anonymous_15)
DA:1,22
DA:2,22
DA:3,22
DA:17,22
DA:20,22
DA:23,22
DA:27,83
DA:28,22
DA:30,83
DA:37,0
DA:39,0
DA:41,0
DA:42,0
DA:43,0
DA:45,0
DA:46,0
DA:49,0
DA:50,0
DA:58,19
DA:60,19
DA:61,2
DA:62,2
DA:63,0
DA:64,0
DA:65,0
DA:69,2
DA:70,2
DA:75,19
DA:77,0
DA:80,0
DA:81,0
DA:82,0
DA:83,0
DA:86,0
DA:98,27
DA:99,27
DA:102,27
DA:103,1
DA:104,1
DA:105,0
DA:106,0
DA:108,0
DA:112,0
DA:113,0
DA:116,1
DA:117,1
DA:122,27
DA:124,0
DA:127,0
DA:128,0
DA:129,0
DA:130,0
DA:139,2
DA:141,2
DA:143,2
DA:144,0
DA:145,0
DA:146,0
DA:147,0
DA:149,0
DA:150,0
DA:155,2
DA:157,2
DA:159,0
DA:162,0
DA:163,0
DA:164,0
DA:167,0
DA:175,6
DA:177,6
DA:178,0
DA:179,0
DA:180,0
DA:181,0
DA:183,0
DA:184,0
DA:189,6
DA:191,0
DA:194,0
DA:195,0
DA:196,0
DA:199,0
DA:207,1
DA:209,1
DA:210,0
DA:211,0
DA:212,0
DA:215,0
DA:217,0
DA:219,0
DA:220,0
DA:225,1
DA:227,0
DA:230,0
DA:231,0
DA:232,0
DA:235,0
DA:243,3
DA:245,3
DA:246,0
DA:247,0
DA:248,0
DA:250,0
DA:251,0
DA:256,3
DA:258,0
DA:261,0
DA:262,0
DA:263,0
DA:266,0
DA:274,12
DA:276,12
DA:277,1
DA:278,1
DA:279,0
DA:284,12
DA:286,12
DA:288,0
DA:289,0
DA:297,2
DA:299,2
DA:300,0
DA:301,0
DA:302,0
DA:304,0
DA:305,0
DA:310,2
DA:312,0
DA:315,0
DA:316,0
DA:317,0
DA:320,0
DA:328,1
DA:329,1
DA:332,1
DA:333,0
DA:334,0
DA:335,0
DA:336,0
DA:337,0
DA:340,0
DA:341,0
DA:346,1
DA:348,1
DA:350,0
DA:353,0
DA:354,0
DA:355,0
DA:358,0
DA:366,1
DA:380,1
DA:381,1
DA:382,0
DA:383,0
DA:384,0
DA:385,0
DA:386,0
DA:390,0
DA:393,1
DA:403,58
DA:404,58
DA:405,58
DA:407,58
DA:422,0
DA:435,0
DA:436,0
DA:437,0
DA:438,0
DA:439,0
DA:440,0
DA:442,0
DA:444,0
DA:445,0
DA:453,20
DA:454,20
DA:455,20
DA:456,20
DA:458,0
DA:464,22
LF:179
LH:65
BRDA:27,0,0,22
BRDA:27,0,1,61
BRDA:41,1,0,0
BRDA:41,1,1,0
BRDA:60,2,0,2
BRDA:60,2,1,17
BRDA:62,3,0,0
BRDA:62,3,1,2
BRDA:62,4,0,2
BRDA:62,4,1,0
BRDA:64,5,0,0
BRDA:64,5,1,0
BRDA:80,6,0,0
BRDA:80,6,1,0
BRDA:102,7,0,1
BRDA:102,7,1,26
BRDA:104,8,0,0
BRDA:104,8,1,1
BRDA:104,9,0,1
BRDA:104,9,1,0
BRDA:105,10,0,0
BRDA:105,10,1,0
BRDA:127,11,0,0
BRDA:127,11,1,0
BRDA:143,12,0,0
BRDA:143,12,1,2
BRDA:145,13,0,0
BRDA:145,13,1,0
BRDA:145,14,0,0
BRDA:145,14,1,0
BRDA:157,15,0,2
BRDA:157,15,1,2
BRDA:162,16,0,0
BRDA:162,16,1,0
BRDA:177,17,0,0
BRDA:177,17,1,6
BRDA:179,18,0,0
BRDA:179,18,1,0
BRDA:179,19,0,0
BRDA:179,19,1,0
BRDA:194,20,0,0
BRDA:194,20,1,0
BRDA:209,21,0,0
BRDA:209,21,1,1
BRDA:211,22,0,0
BRDA:211,22,1,0
BRDA:211,23,0,0
BRDA:211,23,1,0
BRDA:230,24,0,0
BRDA:230,24,1,0
BRDA:245,25,0,0
BRDA:245,25,1,3
BRDA:247,26,0,0
BRDA:247,26,1,0
BRDA:247,27,0,0
BRDA:247,27,1,0
BRDA:261,28,0,0
BRDA:261,28,1,0
BRDA:276,29,0,1
BRDA:276,29,1,11
BRDA:278,30,0,0
BRDA:278,30,1,1
BRDA:278,31,0,1
BRDA:278,31,1,0
BRDA:299,32,0,0
BRDA:299,32,1,2
BRDA:301,33,0,0
BRDA:301,33,1,0
BRDA:301,34,0,0
BRDA:301,34,1,0
BRDA:315,35,0,0
BRDA:315,35,1,0
BRDA:332,36,0,0
BRDA:332,36,1,1
BRDA:334,37,0,0
BRDA:334,37,1,0
BRDA:334,38,0,0
BRDA:334,38,1,0
BRDA:336,39,0,0
BRDA:336,39,1,0
BRDA:353,40,0,0
BRDA:353,40,1,0
BRDA:381,41,0,0
BRDA:381,41,1,1
BRDA:383,42,0,0
BRDA:383,42,1,0
BRDA:383,43,0,0
BRDA:383,43,1,0
BRDA:409,44,0,1
BRDA:409,44,1,57
BRDA:409,45,0,58
BRDA:409,45,1,58
BRDA:425,46,0,0
BRDA:425,46,1,0
BRDA:437,47,0,0
BRDA:437,47,1,0
BRF:96
BRH:27
end_of_record
TN:
SF:src/services/ContentFilterService.ts
FN:106,(anonymous_0)
FN:123,(anonymous_1)
FN:140,(anonymous_2)
FN:159,(anonymous_3)
FN:165,(anonymous_4)
FN:176,(anonymous_5)
FN:187,(anonymous_6)
FN:281,(anonymous_7)
FN:290,(anonymous_8)
FN:297,(anonymous_9)
FN:302,(anonymous_10)
FN:340,(anonymous_11)
FN:345,(anonymous_12)
FN:352,(anonymous_13)
FN:367,(anonymous_14)
FN:401,(anonymous_15)
FN:411,(anonymous_16)
FNF:17
FNH:0
FNDA:0,(anonymous_0)
FNDA:0,(anonymous_1)
FNDA:0,(anonymous_2)
FNDA:0,(anonymous_3)
FNDA:0,(anonymous_4)
FNDA:0,(anonymous_5)
FNDA:0,(anonymous_6)
FNDA:0,(anonymous_7)
FNDA:0,(anonymous_8)
FNDA:0,(anonymous_9)
FNDA:0,(anonymous_10)
FNDA:0,(anonymous_11)
FNDA:0,(anonymous_12)
FNDA:0,(anonymous_13)
FNDA:0,(anonymous_14)
FNDA:0,(anonymous_15)
FNDA:0,(anonymous_16)
DA:2,0
DA:45,0
DA:46,0
DA:107,0
DA:117,0
DA:124,0
DA:125,0
DA:132,0
DA:133,0
DA:135,0
DA:136,0
DA:137,0
DA:139,0
DA:140,0
DA:141,0
DA:146,0
DA:153,0
DA:160,0
DA:161,0
DA:164,0
DA:165,0
DA:166,0
DA:168,0
DA:169,0
DA:170,0
DA:175,0
DA:176,0
DA:177,0
DA:179,0
DA:180,0
DA:181,0
DA:186,0
DA:187,0
DA:188,0
DA:190,0
DA:191,0
DA:192,0
DA:197,0
DA:198,0
DA:199,0
DA:202,0
DA:206,0
DA:207,0
DA:211,0
DA:212,0
DA:216,0
DA:217,0
DA:220,0
DA:224,0
DA:225,0
DA:228,0
DA:233,0
DA:234,0
DA:237,0
DA:242,0
DA:243,0
DA:247,0
DA:248,0
DA:252,0
DA:253,0
DA:256,0
DA:260,0
DA:261,0
DA:266,0
DA:267,0
DA:269,0
DA:283,0
DA:284,0
DA:291,0
DA:298,0
DA:301,0
DA:303,0
DA:306,0
DA:307,0
DA:309,0
DA:310,0
DA:312,0
DA:313,0
DA:315,0
DA:316,0
DA:318,0
DA:319,0
DA:321,0
DA:325,0
DA:330,0
DA:334,0
DA:341,0
DA:342,0
DA:345,0
DA:346,0
DA:347,0
DA:352,0
DA:353,0
DA:357,0
DA:358,0
DA:361,0
DA:368,0
DA:402,0
DA:403,0
DA:412,0
DA:413,0
LF:101
LH:0
BRDA:107,0,0,0
BRDA:135,1,0,0
BRDA:135,1,1,0
BRDA:141,2,0,0
BRDA:141,2,1,0
BRDA:164,3,0,0
BRDA:164,3,1,0
BRDA:168,4,0,0
BRDA:168,4,1,0
BRDA:175,5,0,0
BRDA:175,5,1,0
BRDA:179,6,0,0
BRDA:179,6,1,0
BRDA:186,7,0,0
BRDA:186,7,1,0
BRDA:190,8,0,0
BRDA:190,8,1,0
BRDA:197,9,0,0
BRDA:197,9,1,0
BRDA:202,10,0,0
BRDA:202,10,1,0
BRDA:203,11,0,0
BRDA:203,11,1,0
BRDA:212,12,0,0
BRDA:212,12,1,0
BRDA:213,13,0,0
BRDA:213,13,1,0
BRDA:220,14,0,0
BRDA:220,14,1,0
BRDA:221,15,0,0
BRDA:221,15,1,0
BRDA:228,16,0,0
BRDA:228,16,1,0
BRDA:229,17,0,0
BRDA:229,17,1,0
BRDA:229,17,2,0
BRDA:237,18,0,0
BRDA:237,18,1,0
BRDA:238,19,0,0
BRDA:238,19,1,0
BRDA:238,19,2,0
BRDA:247,20,0,0
BRDA:247,20,1,0
BRDA:248,21,0,0
BRDA:248,21,1,0
BRDA:249,22,0,0
BRDA:249,22,1,0
BRDA:256,23,0,0
BRDA:256,23,1,0
BRDA:257,24,0,0
BRDA:257,24,1,0
BRDA:270,25,0,0
BRDA:270,25,1,0
BRDA:301,26,0,0
BRDA:301,26,1,0
BRDA:306,27,0,0
BRDA:306,27,1,0
BRDA:306,28,0,0
BRDA:306,28,1,0
BRDA:309,29,0,0
BRDA:309,29,1,0
BRDA:309,30,0,0
BRDA:309,30,1,0
BRDA:312,31,0,0
BRDA:312,31,1,0
BRDA:312,32,0,0
BRDA:312,32,1,0
BRDA:315,33,0,0
BRDA:315,33,1,0
BRDA:315,34,0,0
BRDA:315,34,1,0
BRDA:318,35,0,0
BRDA:318,35,1,0
BRDA:318,36,0,0
BRDA:318,36,1,0
BRDA:325,37,0,0
BRDA:325,37,1,0
BRDA:326,38,0,0
BRDA:326,38,1,0
BRDA:326,38,2,0
BRDA:334,39,0,0
BRDA:334,39,1,0
BRDA:346,40,0,0
BRDA:346,40,1,0
BRDA:357,41,0,0
BRDA:357,41,1,0
BRDA:372,42,0,0
BRDA:372,42,1,0
BRDA:373,43,0,0
BRDA:373,43,1,0
BRDA:374,44,0,0
BRDA:374,44,1,0
BRDA:375,45,0,0
BRDA:375,45,1,0
BRDA:378,46,0,0
BRDA:378,46,1,0
BRDA:379,47,0,0
BRDA:379,47,1,0
BRDA:383,48,0,0
BRDA:383,48,1,0
BRDA:387,49,0,0
BRDA:387,49,1,0
BRDA:391,50,0,0
BRDA:391,50,1,0
BRDA:392,51,0,0
BRDA:392,51,1,0
BRF:106
BRH:0
end_of_record
TN:
SF:src/services/DashboardPersistenceService.ts
FN:36,(anonymous_0)
FN:43,(anonymous_1)
FN:50,(anonymous_2)
FN:57,(anonymous_3)
FN:64,(anonymous_4)
FN:104,(anonymous_5)
FN:154,(anonymous_6)
FN:196,(anonymous_7)
FN:240,(anonymous_8)
FN:336,(anonymous_9)
FN:379,(anonymous_10)
FN:406,(anonymous_11)
FN:408,(anonymous_12)
FN:435,(anonymous_13)
FN:443,(anonymous_14)
FN:446,(anonymous_15)
FN:473,(anonymous_16)
FNF:17
FNH:3
FNDA:5,(anonymous_0)
FNDA:0,(anonymous_1)
FNDA:1,(anonymous_2)
FNDA:0,(anonymous_3)
FNDA:0,(anonymous_4)
FNDA:1,(anonymous_5)
FNDA:0,(anonymous_6)
FNDA:0,(anonymous_7)
FNDA:0,(anonymous_8)
FNDA:0,(anonymous_9)
FNDA:0,(anonymous_10)
FNDA:0,(anonymous_11)
FNDA:0,(anonymous_12)
FNDA:0,(anonymous_13)
FNDA:0,(anonymous_14)
FNDA:0,(anonymous_15)
FNDA:0,(anonymous_16)
DA:6,5
DA:12,5
DA:13,5
DA:33,5
DA:34,5
DA:37,5
DA:44,0
DA:51,1
DA:58,0
DA:68,0
DA:70,0
DA:72,0
DA:73,0
DA:76,0
DA:77,0
DA:78,0
DA:83,0
DA:85,0
DA:87,0
DA:88,0
DA:91,0
DA:93,0
DA:97,0
DA:109,1
DA:110,1
DA:112,1
DA:114,1
DA:115,1
DA:116,1
DA:117,0
DA:121,0
DA:126,1
DA:131,1
DA:133,1
[...]
FNDA:0,(anonymous_2)
FNDA:0,(anonymous_3)
FNDA:0,(anonymous_4)
FNDA:0,(anonymous_5)
FNDA:0,(anonymous_6)
FNDA:0,(anonymous_7)
FNDA:0,(anonymous_8)
FNDA:0,(anonymous_9)
FNDA:0,(anonymous_10)
FNDA:0,(anonymous_11)
FNDA:0,(anonymous_12)
FNDA:0,(anonymous_13)
FNDA:0,(anonymous_14)
FNDA:0,(anonymous_15)
FNDA:0,(anonymous_16)
FNDA:0,(anonymous_17)
FNDA:0,(anonymous_18)
FNDA:0,(anonymous_19)
FNDA:0,(anonymous_20)
DA:6,22
DA:57,22
DA:58,22
DA:59,22
DA:65,0
DA:71,0
DA:74,0
DA:76,0
DA:87,0
DA:97,0
DA:98,0
DA:100,0
DA:107,0
DA:109,0
DA:111,0
DA:122,0
DA:135,0
DA:136,0
DA:138,0
DA:145,0
DA:147,0
DA:159,0
DA:170,0
DA:178,0
DA:179,0
DA:180,0
DA:192,0
DA:201,0
DA:202,0
DA:203,0
DA:205,0
DA:207,0
DA:218,0
DA:230,0
DA:237,0
DA:238,0
DA:239,0
DA:241,0
DA:248,0
DA:249,0
DA:256,0
DA:257,0
DA:264,0
DA:266,0
DA:267,0
DA:279,0
DA:282,0
DA:289,0
DA:290,0
DA:291,0
DA:292,0
DA:305,0
DA:307,0
DA:308,0
DA:310,0
DA:315,0
DA:316,0
DA:320,0
DA:322,0
DA:329,0
DA:330,0
DA:332,0
DA:333,0
DA:337,0
DA:339,0
DA:348,0
DA:350,0
DA:356,0
DA:358,0
DA:359,0
DA:360,0
DA:362,0
DA:366,0
DA:373,0
DA:374,0
DA:375,0
DA:377,0
DA:378,0
DA:379,0
DA:380,0
DA:381,0
DA:386,0
DA:389,0
DA:398,0
DA:399,0
DA:401,0
DA:408,0
DA:409,0
DA:411,0
DA:416,22
LF:90
LH:5
BRDA:97,0,0,0
BRDA:97,0,1,0
BRDA:109,1,0,0
BRDA:109,1,1,0
BRDA:135,2,0,0
BRDA:135,2,1,0
BRDA:202,3,0,0
BRDA:202,3,1,0
BRDA:230,4,0,0
BRDA:230,4,1,0
BRDA:266,5,0,0
BRDA:266,5,1,0
BRDA:307,6,0,0
BRDA:307,6,1,0
BRDA:307,7,0,0
BRDA:307,7,1,0
BRDA:332,8,0,0
BRDA:332,8,1,0
BRDA:348,9,0,0
BRDA:348,9,1,0
BRDA:359,10,0,0
BRDA:359,10,1,0
BRDA:378,11,0,0
BRDA:378,11,1,0
BRDA:380,12,0,0
BRDA:380,12,1,0
BRDA:398,13,0,0
BRDA:398,13,1,0
BRDA:408,14,0,0
BRDA:408,14,1,0
BRF:30
BRH:0
end_of_record
TN:
SF:src/utils/cache.ts
FN:11,(anonymous_0)
FN:23,(anonymous_1)
FN:34,(anonymous_2)
FN:45,(anonymous_3)
FN:56,(anonymous_4)
FN:68,(anonymous_5)
FNF:6
FNH:2
FNDA:2,(anonymous_0)
FNDA:2,(anonymous_1)
FNDA:0,(anonymous_2)
FNDA:0,(anonymous_3)
FNDA:0,(anonymous_4)
FNDA:0,(anonymous_5)
DA:1,5
DA:7,5
DA:12,2
DA:13,2
DA:15,0
DA:16,0
DA:24,2
DA:25,2
DA:27,0
DA:35,0
DA:36,0
DA:38,0
DA:46,0
DA:47,0
DA:49,0
DA:57,0
DA:58,0
DA:60,0
DA:61,0
DA:69,0
DA:70,0
DA:72,0
LF:22
LH:6
BRF:0
BRH:0
end_of_record
TN:
SF:src/utils/dataTransformers.ts
FN:84,(anonymous_0)
FN:154,(anonymous_1)
FN:180,(anonymous_2)
FN:192,(anonymous_3)
FN:233,(anonymous_4)
FN:240,(anonymous_5)
FN:247,(anonymous_6)
FN:262,(anonymous_7)
FN:296,(anonymous_8)
FN:336,(anonymous_9)
FN:370,(anonymous_10)
FN:427,(anonymous_11)
FN:435,(anonymous_12)
FN:452,(anonymous_13)
FN:459,(anonymous_14)
FN:476,(anonymous_15)
FN:501,(anonymous_16)
FN:511,(anonymous_17)
FN:521,(anonymous_18)
FNF:19
FNH:0
FNDA:0,(anonymous_0)
FNDA:0,(anonymous_1)
FNDA:0,(anonymous_2)
FNDA:0,(anonymous_3)
FNDA:0,(anonymous_4)
FNDA:0,(anonymous_5)
FNDA:0,(anonymous_6)
FNDA:0,(anonymous_7)
FNDA:0,(anonymous_8)
FNDA:0,(anonymous_9)
FNDA:0,(anonymous_10)
FNDA:0,(anonymous_11)
FNDA:0,(anonymous_12)
FNDA:0,(anonymous_13)
FNDA:0,(anonymous_14)
FNDA:0,(anonymous_15)
FNDA:0,(anonymous_16)
FNDA:0,(anonymous_17)
FNDA:0,(anonymous_18)
DA:11,0
DA:80,0
DA:88,0
DA:89,0
DA:91,0
DA:92,0
DA:95,0
DA:96,0
DA:101,0
DA:102,0
DA:103,0
DA:106,0
DA:107,0
DA:108,0
DA:110,0
DA:112,0
DA:131,0
DA:132,0
DA:133,0
DA:140,0
DA:142,0
DA:147,0
DA:159,0
DA:160,0
DA:162,0
DA:163,0
DA:166,0
DA:167,0
DA:172,0
DA:173,0
DA:175,0
DA:176,0
DA:179,0
DA:181,0
DA:190,0
DA:192,0
DA:194,0
DA:209,0
DA:210,0
DA:211,0
DA:219,0
DA:221,0
DA:226,0
DA:236,0
DA:237,0
DA:239,0
DA:240,0
DA:247,0
DA:249,0
DA:251,0
DA:255,0
DA:263,0
DA:264,0
DA:267,0
DA:270,0
DA:273,0
DA:276,0
DA:278,0
DA:282,0
DA:283,0
DA:290,0
DA:300,0
DA:329,0
DA:330,0
DA:337,0
DA:338,0
DA:341,0
DA:342,0
DA:343,0
DA:344,0
DA:346,0
DA:347,0
DA:348,0
DA:349,0
DA:350,0
DA:354,0
DA:355,0
DA:356,0
DA:357,0
DA:360,0
DA:371,0
DA:372,0
DA:375,0
DA:376,0
DA:380,0
DA:381,0
DA:383,0
DA:384,0
DA:386,0
DA:387,0
DA:393,0
DA:395,0
DA:396,0
DA:398,0
DA:399,0
DA:401,0
DA:402,0
DA:404,0
DA:405,0
DA:409,0
DA:410,0
DA:412,0
DA:413,0
DA:417,0
DA:428,0
DA:429,0
DA:436,0
DA:437,0
DA:445,0
DA:453,0
DA:460,0
DA:461,0
DA:462,0
DA:463,0
DA:464,0
DA:465,0
DA:466,0
DA:467,0
DA:469,0
DA:477,0
DA:478,0
DA:482,0
DA:485,0
DA:488,0
DA:489,0
DA:491,0
DA:492,0
DA:495,0
DA:502,0
DA:503,0
DA:506,0
DA:508,0
DA:509,0
DA:511,0
DA:512,0
DA:515,0
DA:529,0
DA:530,0
DA:532,0
DA:533,0
DA:534,0
DA:536,0
DA:544,0
LF:143
LH:0
BRDA:91,0,0,0
BRDA:91,0,1,0
BRDA:95,1,0,0
BRDA:95,1,1,0
BRDA:102,2,0,0
BRDA:102,2,1,0
BRDA:106,3,0,0
BRDA:106,3,1,0
BRDA:106,3,2,0
BRDA:107,4,0,0
BRDA:107,4,1,0
BRDA:110,5,0,0
BRDA:110,5,1,0
BRDA:113,6,0,0
BRDA:113,6,1,0
BRDA:114,7,0,0
BRDA:114,7,1,0
BRDA:114,7,2,0
BRDA:118,8,0,0
BRDA:118,8,1,0
BRDA:119,9,0,0
BRDA:119,9,1,0
BRDA:120,10,0,0
BRDA:120,10,1,0
BRDA:121,11,0,0
BRDA:121,11,1,0
BRDA:132,12,0,0
BRDA:132,12,1,0
BRDA:144,13,0,0
BRDA:144,13,1,0
BRDA:162,14,0,0
BRDA:162,14,1,0
BRDA:166,15,0,0
BRDA:166,15,1,0
BRDA:172,16,0,0
BRDA:172,16,1,0
BRDA:175,17,0,0
BRDA:175,17,1,0
BRDA:175,18,0,0
BRDA:175,18,1,0
BRDA:183,19,0,0
BRDA:183,19,1,0
BRDA:184,20,0,0
BRDA:184,20,1,0
BRDA:185,21,0,0
BRDA:185,21,1,0
BRDA:186,22,0,0
BRDA:186,22,1,0
BRDA:187,23,0,0
BRDA:187,23,1,0
BRDA:201,24,0,0
BRDA:201,24,1,0
BRDA:210,25,0,0
BRDA:210,25,1,0
BRDA:224,26,0,0
BRDA:224,26,1,0
BRDA:237,27,0,0
BRDA:237,27,1,0
BRDA:241,28,0,0
BRDA:241,28,1,0
BRDA:242,29,0,0
BRDA:242,29,1,0
BRDA:242,29,2,0
BRDA:243,30,0,0
BRDA:243,30,1,0
BRDA:244,31,0,0
BRDA:244,31,1,0
BRDA:247,32,0,0
BRDA:247,32,1,0
BRDA:252,33,0,0
BRDA:252,33,1,0
BRDA:262,34,0,0
BRDA:263,35,0,0
BRDA:263,35,1,0
BRDA:270,36,0,0
BRDA:270,36,1,0
BRDA:270,36,2,0
BRDA:282,37,0,0
BRDA:282,37,1,0
BRDA:298,38,0,0
BRDA:330,39,0,0
BRDA:330,39,1,0
BRDA:341,40,0,0
BRDA:341,40,1,0
BRDA:342,41,0,0
BRDA:342,41,1,0
BRDA:343,42,0,0
BRDA:343,42,1,0
BRDA:343,43,0,0
BRDA:343,43,1,0
BRDA:346,44,0,0
BRDA:346,44,1,0
BRDA:347,45,0,0
BRDA:347,45,1,0
BRDA:349,46,0,0
BRDA:349,46,1,0
BRDA:349,47,0,0
BRDA:349,47,1,0
BRDA:354,48,0,0
BRDA:354,48,1,0
BRDA:355,49,0,0
BRDA:355,49,1,0
BRDA:356,50,0,0
BRDA:356,50,1,0
BRDA:375,51,0,0
BRDA:375,51,1,0
BRDA:376,52,0,0
BRDA:376,52,1,0
BRDA:380,53,0,0
BRDA:380,53,1,0
BRDA:387,54,0,0
BRDA:387,54,1,0
BRDA:388,55,0,0
BRDA:388,55,1,0
BRDA:388,55,2,0
BRDA:388,55,3,0
BRDA:395,56,0,0
BRDA:395,56,1,0
BRDA:398,57,0,0
BRDA:398,57,1,0
BRDA:401,58,0,0
BRDA:401,58,1,0
BRDA:401,59,0,0
BRDA:401,59,1,0
BRDA:404,60,0,0
BRDA:404,60,1,0
BRDA:404,61,0,0
BRDA:404,61,1,0
BRDA:409,62,0,0
BRDA:409,62,1,0
BRDA:412,63,0,0
BRDA:412,63,1,0
BRDA:435,64,0,0
BRDA:452,65,0,0
BRDA:453,66,0,0
BRDA:453,66,1,0
BRDA:460,67,0,0
BRDA:460,67,1,0
BRDA:462,68,0,0
BRDA:462,68,1,0
BRDA:464,69,0,0
BRDA:464,69,1,0
BRDA:466,70,0,0
BRDA:466,70,1,0
BRDA:477,71,0,0
BRDA:477,71,1,0
BRDA:477,72,0,0
BRDA:477,72,1,0
BRDA:488,73,0,0
BRDA:488,73,1,0
BRDA:491,74,0,0
BRDA:491,74,1,0
BRDA:502,75,0,0
BRDA:502,75,1,0
BRDA:502,76,0,0
BRDA:502,76,1,0
BRDA:530,77,0,0
BRDA:530,77,1,0
BRDA:533,78,0,0
BRDA:533,78,1,0
BRDA:534,79,0,0
BRDA:534,79,1,0
BRF:162
BRH:0
end_of_record
TN:
SF:src/utils/fallbackManager.ts
FN:47,(anonymous_0)
FN:61,(anonymous_1)
FN:69,(anonymous_2)
FN:147,(anonymous_3)
FN:155,(anonymous_4)
FN:156,(anonymous_5)
FN:161,(anonymous_6)
FN:165,(anonymous_7)
FN:175,(anonymous_8)
FN:201,(anonymous_9)
FN:222,(anonymous_10)
FN:249,(anonymous_11)
FN:264,(anonymous_12)
FN:276,(anonymous_13)
FN:277,(anonymous_14)
FN:283,(anonymous_15)
FN:296,(anonymous_16)
FN:304,(anonymous_17)
FN:312,(anonymous_18)
FN:328,(anonymous_19)
FN:340,(anonymous_20)
FN:347,(anonymous_21)
FNF:22
FNH:0
FNDA:0,(anonymous_0)
FNDA:0,(anonymous_1)
FNDA:0,(anonymous_2)
FNDA:0,(anonymous_3)
FNDA:0,(anonymous_4)
FNDA:0,(anonymous_5)
FNDA:0,(anonymous_6)
FNDA:0,(anonymous_7)
FNDA:0,(anonymous_8)
FNDA:0,(anonymous_9)
FNDA:0,(anonymous_10)
FNDA:0,(anonymous_11)
FNDA:0,(anonymous_12)
FNDA:0,(anonymous_13)
FNDA:0,(anonymous_14)
FNDA:0,(anonymous_15)
FNDA:0,(anonymous_16)
FNDA:0,(anonymous_17)
FNDA:0,(anonymous_18)
FNDA:0,(anonymous_19)
FNDA:0,(anonymous_20)
FNDA:0,(anonymous_21)
DA:1,0
DA:43,0
DA:44,0
DA:48,0
DA:68,0
DA:69,0
DA:71,0
DA:73,0
DA:75,0
DA:76,0
DA:79,0
DA:82,0
DA:83,0
DA:85,0
DA:86,0
DA:87,0
DA:88,0
DA:90,0
DA:92,0
DA:98,0
DA:106,0
DA:107,0
DA:109,0
DA:111,0
DA:118,0
DA:119,0
DA:120,0
DA:126,0
DA:134,0
DA:135,0
DA:155,0
DA:156,0
DA:157,0
DA:160,0
DA:162,0
DA:163,0
DA:166,0
DA:167,0
DA:176,0
DA:178,0
DA:179,0
DA:183,0
DA:187,0
DA:188,0
DA:189,0
DA:192,0
DA:195,0
DA:202,0
DA:203,0
DA:204,0
DA:207,0
DA:210,0
DA:211,0
DA:212,0
DA:213,0
DA:223,0
DA:224,0
DA:225,0
DA:228,0
DA:232,0
DA:233,0
DA:237,0
DA:250,0
DA:251,0
DA:258,0
DA:265,0
DA:266,0
DA:270,0
DA:277,0
DA:284,0
DA:286,0
DA:287,0
DA:290,0
DA:297,0
DA:298,0
DA:305,0
DA:306,0
DA:313,0
DA:314,0
DA:315,0
DA:319,0
DA:329,0
DA:330,0
DA:331,0
DA:332,0
DA:334,0
DA:341,0
DA:348,0
DA:349,0
LF:89
LH:0
BRDA:47,0,0,0
BRDA:69,1,0,0
BRDA:69,1,1,0
BRDA:69,2,0,0
BRDA:69,2,1,0
BRDA:75,3,0,0
BRDA:75,3,1,0
BRDA:106,4,0,0
BRDA:106,4,1,0
BRDA:118,5,0,0
BRDA:118,5,1,0
BRDA:137,6,0,0
BRDA:137,6,1,0
BRDA:178,7,0,0
BRDA:178,7,1,0
BRDA:183,8,0,0
BRDA:183,8,1,0
BRDA:184,9,0,0
BRDA:184,9,1,0
BRDA:210,10,0,0
BRDA:210,10,1,0
BRDA:228,11,0,0
BRDA:228,11,1,0
BRDA:229,12,0,0
BRDA:229,12,1,0
BRDA:250,13,0,0
BRDA:250,13,1,0
BRDA:265,14,0,0
BRDA:265,14,1,0
BRDA:316,15,0,0
BRDA:316,15,1,0
BRF:31
BRH:0
end_of_record
TN:
SF:src/utils/logger.ts
FN:36,(anonymous_1)
FN:77,(anonymous_2)
FN:83,(anonymous_3)
FN:91,(anonymous_4)
FN:95,(anonymous_5)
FN:99,(anonymous_6)
FN:103,(anonymous_7)
FNF:7
FNH:0
FNDA:0,(anonymous_1)
FNDA:0,(anonymous_2)
FNDA:0,(anonymous_3)
FNDA:0,(anonymous_4)
FNDA:0,(anonymous_5)
FNDA:0,(anonymous_6)
FNDA:0,(anonymous_7)
DA:6,25
DA:7,25
DA:8,25
DA:11,25
DA:20,25
DA:29,25
DA:32,25
DA:36,0
DA:41,25
DA:68,25
DA:76,25
DA:78,0
DA:83,25
DA:84,0
DA:85,0
DA:87,0
DA:91,25
DA:92,0
DA:95,25
DA:96,0
DA:99,25
DA:100,0
DA:103,25
DA:104,0
DA:107,25
LF:25
LH:16
BRDA:84,0,0,0
BRDA:84,0,1,0
BRF:2
BRH:0
end_of_record
TN:
SF:src/utils/migrations.ts
FN:23,(anonymous_1)
FN:31,(anonymous_2)
FN:50,(anonymous_3)
FN:59,(anonymous_4)
FN:93,(anonymous_5)
FN:117,(anonymous_6)
FN:121,(anonymous_7)
FN:124,(anonymous_8)
FN:135,(anonymous_9)
FN:167,(anonymous_10)
FN:194,(anonymous_11)
FN:218,(anonymous_12)
FN:227,(anonymous_13)
FN:238,(anonymous_14)
FN:249,(anonymous_15)
FN:249,(anonymous_16)
FN:265,(anonymous_17)
FNF:17
FNH:9
FNDA:1,(anonymous_1)
FNDA:1,(anonymous_2)
FNDA:1,(anonymous_3)
FNDA:3,(anonymous_4)
FNDA:1,(anonymous_5)
FNDA:1,(anonymous_6)
FNDA:3,(anonymous_7)
FNDA:3,(anonymous_8)
FNDA:0,(anonymous_9)
FNDA:1,(anonymous_10)
FNDA:0,(anonymous_11)
FNDA:0,(anonymous_12)
FNDA:0,(anonymous_13)
FNDA:0,(anonymous_14)
FNDA:0,(anonymous_15)
FNDA:0,(anonymous_16)
FNDA:0,(anonymous_17)
DA:2,1
DA:3,1
DA:4,1
DA:19,1
DA:24,1
DA:25,1
DA:32,1
DA:33,1
DA:40,1
DA:42,0
DA:43,0
DA:51,1
DA:52,1
DA:53,0
DA:54,0
DA:57,1
DA:59,3
DA:62,1
DA:64,1
DA:65,3
DA:66,3
DA:67,3
DA:68,3
DA:69,3
DA:70,3
DA:72,3
DA:79,0
DA:83,1
DA:85,0
DA:86,0
DA:94,1
DA:96,1
DA:100,1
DA:101,0
DA:104,1
DA:107,1
DA:109,0
DA:110,0
DA:118,1
DA:119,1
DA:120,1
DA:121,3
DA:123,1
DA:124,3
DA:127,0
DA:128,0
DA:136,0
DA:137,0
DA:140,0
DA:142,0
DA:144,0
DA:147,0
DA:152,0
DA:153,0
DA:155,0
DA:156,0
DA:159,0
DA:160,0
DA:168,1
DA:169,1
DA:171,1
DA:173,1
DA:174,1
DA:175,1
DA:178,0
DA:180,0
DA:181,0
DA:184,0
DA:186,0
DA:187,0
DA:195,0
DA:197,0
DA:201,0
DA:202,0
DA:205,0
DA:208,0
DA:211,0
DA:219,0
DA:220,0
DA:221,0
DA:223,0
DA:224,0
DA:227,0
DA:228,0
DA:230,0
DA:231,0
DA:242,0
DA:244,0
DA:245,0
DA:246,0
DA:249,0
DA:250,0
DA:251,0
DA:252,0
DA:253,0
DA:258,0
DA:263,0
DA:264,0
DA:265,0
DA:267,0
DA:268,0
DA:274,0
DA:279,0
DA:280,0
LF:104
LH:40
BRDA:23,0,0,0
BRDA:52,1,0,0
BRDA:52,1,1,1
BRDA:66,2,0,3
BRDA:66,2,1,0
BRDA:66,3,0,3
BRDA:66,3,1,3
BRDA:66,3,2,3
BRDA:100,4,0,0
BRDA:100,4,1,1
BRDA:107,5,0,1
BRDA:107,5,1,0
BRDA:173,6,0,1
BRDA:173,6,1,0
BRDA:201,7,0,0
BRDA:201,7,1,0
BRDA:208,8,0,0
BRDA:208,8,1,0
BRDA:223,9,0,0
BRDA:223,9,1,0
BRDA:253,10,0,0
BRDA:253,10,1,0
BRDA:254,11,0,0
BRDA:254,11,1,0
BRDA:254,11,2,0
BRDA:267,12,0,0
BRDA:267,12,1,0
BRF:27
BRH:8
end_of_record
TN:
SF:src/utils/requestValidation.ts
FN:22,(anonymous_0)
FN:25,(anonymous_1)
FN:65,validateRequest
FN:69,(anonymous_3)
FN:100,(anonymous_4)
FN:115,validateBody
FN:125,validateQuery
FN:135,validateParams
FN:145,validateHeaders
FN:159,(anonymous_9)
FN:173,(anonymous_10)
FN:180,(anonymous_11)
FN:191,(anonymous_12)
FN:204,(anonymous_13)
FN:224,(anonymous_14)
FN:237,(anonymous_15)
FN:248,(anonymous_16)
FN:280,validateFileUpload
FN:281,(anonymous_18)
FN:290,(anonymous_19)
FN:397,(anonymous_20)
FN:428,validationErrorHandler
FN:455,validateRequestSize
FN:456,(anonymous_23)
FN:474,validateContentType
FN:475,(anonymous_25)
FN:480,(anonymous_26)
FNF:27
FNH:0
FNDA:0,(anonymous_0)
FNDA:0,(anonymous_1)
FNDA:0,validateRequest
FNDA:0,(anonymous_3)
FNDA:0,(anonymous_4)
FNDA:0,validateBody
FNDA:0,validateQuery
FNDA:0,validateParams
FNDA:0,validateHeaders
FNDA:0,(anonymous_9)
FNDA:0,(anonymous_10)
FNDA:0,(anonymous_11)
FNDA:0,(anonymous_12)
FNDA:0,(anonymous_13)
FNDA:0,(anonymous_14)
FNDA:0,(anonymous_15)
FNDA:0,(anonymous_16)
FNDA:0,validateFileUpload
FNDA:0,(anonymous_18)
FNDA:0,(anonymous_19)
FNDA:0,(anonymous_20)
FNDA:0,validationErrorHandler
FNDA:0,validateRequestSize
FNDA:0,(anonymous_23)
FNDA:0,validateContentType
FNDA:0,(anonymous_25)
FNDA:0,(anonymous_26)
DA:6,0
DA:13,0
DA:14,0
DA:15,0
DA:23,0
DA:24,0
DA:25,0
DA:65,0
DA:69,0
DA:70,0
DA:71,0
DA:74,0
DA:75,0
DA:77,0
DA:79,0
DA:80,0
DA:83,0
DA:84,0
DA:87,0
DA:88,0
DA:91,0
DA:92,0
DA:98,0
DA:99,0
DA:100,0
DA:102,0
DA:105,0
DA:107,0
DA:115,0
DA:119,0
DA:125,0
DA:129,0
DA:135,0
DA:139,0
DA:145,0
DA:149,0
DA:155,0
DA:160,0
DA:162,0
DA:174,0
DA:177,0
DA:178,0
DA:180,0
DA:181,0
DA:182,0
DA:184,0
DA:192,0
DA:194,0
DA:205,0
DA:207,0
DA:208,0
DA:211,0
DA:212,0
DA:215,0
DA:217,0
DA:225,0
DA:227,0
DA:238,0
DA:241,0
DA:247,0
DA:248,0
DA:249,0
DA:252,0
DA:280,0
DA:281,0
DA:282,0
DA:283,0
DA:285,0
DA:286,0
DA:290,0
DA:297,0
DA:310,0
DA:311,0
DA:314,0
DA:315,0
DA:319,0
DA:320,0
DA:321,0
DA:324,0
DA:325,0
DA:329,0
DA:330,0
DA:333,0
DA:334,0
DA:338,0
DA:339,0
DA:342,0
DA:343,0
DA:347,0
DA:348,0
DA:349,0
DA:352,0
DA:353,0
DA:357,0
DA:361,0
DA:363,0
DA:371,0
DA:398,0
DA:399,0
DA:401,0
DA:428,0
DA:434,0
DA:435,0
DA:445,0
DA:446,0
DA:449,0
DA:455,0
DA:456,0
DA:457,0
DA:459,0
DA:460,0
DA:463,0
DA:464,0
DA:467,0
DA:474,0
DA:475,0
DA:476,0
DA:478,0
DA:480,0
DA:482,0
DA:485,0
DA:486,0
DA:489,0
LF:123
LH:0
BRDA:67,0,0,0
BRDA:75,1,0,0
BRDA:75,1,1,0
BRDA:79,2,0,0
BRDA:79,2,1,0
BRDA:79,3,0,0
BRDA:79,3,1,0
BRDA:87,4,0,0
BRDA:87,4,1,0
BRDA:91,5,0,0
BRDA:91,5,1,0
BRDA:98,6,0,0
BRDA:98,6,1,0
BRDA:160,7,0,0
BRDA:160,7,1,0
BRDA:174,8,0,0
BRDA:174,8,1,0
BRDA:181,9,0,0
BRDA:181,9,1,0
BRDA:192,10,0,0
BRDA:192,10,1,0
BRDA:205,11,0,0
BRDA:205,11,1,0
BRDA:211,12,0,0
BRDA:211,12,1,0
BRDA:225,13,0,0
BRDA:225,13,1,0
BRDA:238,14,0,0
BRDA:238,14,1,0
BRDA:285,15,0,0
BRDA:285,15,1,0
BRDA:285,16,0,0
BRDA:285,16,1,0
BRDA:298,17,0,0
BRDA:298,17,1,0
BRDA:298,17,2,0
BRDA:298,17,3,0
BRDA:298,17,4,0
BRDA:298,17,5,0
BRDA:298,17,6,0
BRDA:298,17,7,0
BRDA:310,18,0,0
BRDA:310,18,1,0
BRDA:310,19,0,0
BRDA:310,19,1,0
BRDA:320,20,0,0
BRDA:320,20,1,0
BRDA:329,21,0,0
BRDA:329,21,1,0
BRDA:338,22,0,0
BRDA:338,22,1,0
BRDA:348,23,0,0
BRDA:348,23,1,0
BRDA:348,24,0,0
BRDA:348,24,1,0
BRDA:398,25,0,0
BRDA:398,25,1,0
BRDA:398,26,0,0
BRDA:398,26,1,0
BRDA:434,27,0,0
BRDA:434,27,1,0
BRDA:459,28,0,0
BRDA:459,28,1,0
BRDA:459,29,0,0
BRDA:459,29,1,0
BRDA:478,30,0,0
BRDA:478,30,1,0
BRDA:479,31,0,0
BRDA:479,31,1,0
BRF:69
BRH:0
end_of_record
TN:
SF:src/utils/swagger.ts
FN:836,setupSwaggerUI
FN:862,(anonymous_2)
FN:871,validateSwaggerSpec
FNF:3
FNH:0
FNDA:0,setupSwaggerUI
FNDA:0,(anonymous_2)
FNDA:0,validateSwaggerSpec
DA:6,0
DA:7,0
DA:13,0
DA:831,0
DA:836,0
DA:838,0
DA:839,0
DA:862,0
DA:863,0
DA:864,0
DA:871,0
DA:872,0
DA:874,0
DA:875,0
DA:877,0
DA:878,0
DA:881,0
DA:882,0
DA:885,0
DA:890,0
DA:893,0
DA:898,0
LF:22
LH:0
BRDA:877,0,0,0
BRDA:877,0,1,0
BRDA:881,1,0,0
BRDA:881,1,1,0
BRDA:881,2,0,0
BRDA:881,2,1,0
BRDA:885,3,0,0
BRDA:885,3,1,0
BRDA:886,4,0,0
BRDA:886,4,1,0
BRDA:886,4,2,0
BRDA:901,5,0,0
BRDA:901,5,1,0
BRF:13
BRH:0
end_of_record
TN:
SF:src/utils/validation.ts
FN:22,(anonymous_0)
FN:27,(anonymous_1)
FN:44,(anonymous_2)
FN:45,(anonymous_3)
FN:45,(anonymous_4)
FN:62,(anonymous_5)
FN:62,(anonymous_6)
FN:63,(anonymous_7)
FN:78,(anonymous_8)
FN:111,(anonymous_9)
FN:180,(anonymous_10)
FN:185,(anonymous_11)
FN:187,(anonymous_12)
FN:193,(anonymous_13)
FN:194,(anonymous_14)
FN:194,(anonymous_15)
FN:206,(anonymous_16)
FN:218,(anonymous_17)
FN:242,(anonymous_18)
FN:253,(anonymous_19)
FN:258,(anonymous_20)
FN:264,(anonymous_21)
FN:285,validateBody
FN:286,(anonymous_23)
FN:295,(anonymous_24)
FN:322,validateParams
FN:323,(anonymous_26)
FN:332,(anonymous_27)
FN:360,validateQuery
FN:361,(anonymous_29)
FN:370,(anonymous_30)
FN:402,sanitizeHtml
FN:414,sanitizeSql
FN:430,validateAssetSymbol
FN:464,validateEmail
FN:493,validateRateLimit
FN:510,validateFileUpload
FN:519,(anonymous_37)
FN:552,validateIpAddress
FN:563,validateUserAgent
FN:578,(anonymous_40)
FN:588,createValidationErrorResponse
FN:595,(anonymous_42)
FN:608,logValidationError
FN:622,containsMaliciousContent
FN:635,(anonymous_45)
FNF:46
FNH:33
FNDA:1,(anonymous_0)
FNDA:1,(anonymous_1)
FNDA:1,(anonymous_2)
FNDA:2,(anonymous_3)
FNDA:2,(anonymous_4)
FNDA:1,(anonymous_5)
FNDA:3,(anonymous_6)
FNDA:0,(anonymous_7)
FNDA:0,(anonymous_8)
FNDA:1,(anonymous_9)
FNDA:0,(anonymous_10)
FNDA:0,(anonymous_11)
FNDA:0,(anonymous_12)
FNDA:0,(anonymous_13)
FNDA:0,(anonymous_14)
FNDA:0,(anonymous_15)
FNDA:0,(anonymous_16)
FNDA:0,(anonymous_17)
FNDA:1,(anonymous_18)
FNDA:1,(anonymous_19)
FNDA:1,(anonymous_20)
FNDA:1,(anonymous_21)
FNDA:2,validateBody
FNDA:2,(anonymous_23)
FNDA:1,(anonymous_24)
FNDA:2,validateParams
FNDA:2,(anonymous_26)
FNDA:1,(anonymous_27)
FNDA:1,validateQuery
FNDA:1,(anonymous_29)
FNDA:0,(anonymous_30)
FNDA:2,sanitizeHtml
FNDA:1,sanitizeSql
FNDA:4,validateAssetSymbol
FNDA:4,validateEmail
FNDA:0,validateRateLimit
FNDA:4,validateFileUpload
FNDA:3,(anonymous_37)
FNDA:7,validateIpAddress
FNDA:6,validateUserAgent
FNDA:13,(anonymous_40)
FNDA:1,createValidationErrorResponse
FNDA:1,(anonymous_42)
FNDA:0,logValidationError
FNDA:4,containsMaliciousContent
FNDA:15,(anonymous_45)
DA:6,1
DA:17,1
DA:22,1
DA:27,1
DA:45,2
DA:52,1
DA:58,1
DA:62,3
DA:63,0
DA:73,1
DA:78,0
DA:107,1
DA:111,1
DA:140,1
DA:175,1
DA:180,0
DA:185,0
DA:187,0
DA:194,0
DA:201,1
DA:206,0
DA:218,0
DA:229,1
DA:236,1
DA:242,1
DA:248,1
DA:253,1
DA:258,1
DA:264,1
DA:270,1
DA:285,1
DA:286,2
DA:287,2
DA:288,2
DA:290,2
DA:291,1
DA:295,1
DA:303,1
DA:306,1
DA:307,1
DA:309,0
DA:322,1
DA:323,2
DA:324,2
DA:325,2
DA:327,2
DA:328,1
DA:332,1
DA:340,1
DA:343,1
DA:344,1
DA:346,0
DA:352,0
DA:360,1
DA:361,1
DA:362,1
DA:363,1
DA:365,1
DA:366,0
DA:370,0
DA:378,0
DA:381,1
DA:382,1
DA:384,0
DA:390,0
DA:402,1
DA:403,2
DA:414,1
DA:415,1
DA:430,1
DA:435,4
DA:437,4
DA:438,1
DA:442,3
DA:443,1
DA:450,2
DA:451,1
DA:458,1
DA:464,1
DA:469,4
DA:471,4
DA:472,1
DA:475,3
DA:476,1
DA:480,2
DA:482,2
DA:483,1
DA:486,1
DA:493,1
DA:500,0
DA:510,1
DA:514,4
DA:515,1
DA:519,3
DA:522,3
DA:532,3
DA:533,0
DA:536,3
DA:537,3
DA:538,1
DA:541,2
DA:542,2
DA:543,1
DA:546,1
DA:552,1
DA:554,7
DA:555,7
DA:557,7
DA:563,1
DA:564,6
DA:565,2
DA:569,4
DA:578,13
DA:588,1
DA:591,1
DA:595,1
DA:608,1
DA:609,0
DA:622,1
DA:623,4
DA:634,4
DA:635,15
LF:122
LH:103
BRDA:290,0,0,1
BRDA:290,0,1,1
BRDA:299,1,0,0
BRDA:299,1,1,1
BRDA:327,2,0,1
BRDA:327,2,1,1
BRDA:336,3,0,0
BRDA:336,3,1,1
BRDA:365,4,0,0
BRDA:365,4,1,1
BRDA:374,5,0,0
BRDA:374,5,1,0
BRDA:437,6,0,1
BRDA:437,6,1,3
BRDA:442,7,0,1
BRDA:442,7,1,2
BRDA:450,8,0,1
BRDA:450,8,1,1
BRDA:471,9,0,1
BRDA:471,9,1,3
BRDA:475,10,0,1
BRDA:475,10,1,2
BRDA:482,11,0,1
BRDA:482,11,1,1
BRDA:514,12,0,1
BRDA:514,12,1,3
BRDA:523,13,0,3
BRDA:523,13,1,3
BRDA:523,13,2,3
BRDA:523,13,3,3
BRDA:523,13,4,3
BRDA:523,13,5,3
BRDA:532,14,0,0
BRDA:532,14,1,3
BRDA:537,15,0,1
BRDA:537,15,1,2
BRDA:542,16,0,1
BRDA:542,16,1,1
BRDA:557,17,0,7
BRDA:557,17,1,4
BRDA:564,18,0,2
BRDA:564,18,1,4
BRDA:564,19,0,6
BRDA:564,19,1,5
BRDA:599,20,0,0
BRDA:599,20,1,1
BRF:46
BRH:39
end_of_record
